Using pre-set license
Built from '6000.0/staging' branch; Version is '6000.0.50f1 (f1ef1dca8bff) revision 15855389'; Using compiler version '193933523'; Build Type 'Release'
OS: 'Windows 11  (10.0.26200) 64bit Core' Language: 'en' Physical Memory: 15610 MB
BatchMode: 1, IsHumanControllingUs: 0, StartBugReporterOnCrash: 0, Is64bit: 1
Date: 2026-04-09T08:38:21Z

COMMAND LINE ARGUMENTS:
C:\Program Files\Unity\Hub\Editor\6000.0.50f1\Editor\Unity.exe
-adb2
-batchMode
-noUpm
-name
AssetImportWorker7
-projectPath
C:/Users/bradl/OneDrive/Documents/Unity/FoundationPlatformer
-logFile
Logs/AssetImportWorker7.log
-srvPort
58054
-job-worker-count
7
-background-job-worker-count
8
-gc-helper-count
1
Successfully changed project path to: C:/Users/bradl/OneDrive/Documents/Unity/FoundationPlatformer
C:/Users/bradl/OneDrive/Documents/Unity/FoundationPlatformer
[UnityMemory] Configuration Parameters - Can be set up in boot.config
    "memorysetup-bucket-allocator-granularity=16"
    "memorysetup-bucket-allocator-bucket-count=8"
    "memorysetup-bucket-allocator-block-size=33554432"
    "memorysetup-bucket-allocator-block-count=8"
    "memorysetup-main-allocator-block-size=16777216"
    "memorysetup-thread-allocator-block-size=16777216"
    "memorysetup-gfx-main-allocator-block-size=16777216"
    "memorysetup-gfx-thread-allocator-block-size=16777216"
    "memorysetup-cache-allocator-block-size=4194304"
    "memorysetup-typetree-allocator-block-size=2097152"
    "memorysetup-profiler-bucket-allocator-granularity=16"
    "memorysetup-profiler-bucket-allocator-bucket-count=8"
    "memorysetup-profiler-bucket-allocator-block-size=33554432"
    "memorysetup-profiler-bucket-allocator-block-count=8"
    "memorysetup-profiler-allocator-block-size=16777216"
    "memorysetup-profiler-editor-allocator-block-size=1048576"
    "memorysetup-temp-allocator-size-main=16777216"
    "memorysetup-job-temp-allocator-block-size=2097152"
    "memorysetup-job-temp-allocator-block-size-background=1048576"
    "memorysetup-job-temp-allocator-reduction-small-platforms=262144"
    "memorysetup-allocator-temp-initial-block-size-main=262144"
    "memorysetup-allocator-temp-initial-block-size-worker=262144"
    "memorysetup-temp-allocator-size-background-worker=32768"
    "memorysetup-temp-allocator-size-job-worker=262144"
    "memorysetup-temp-allocator-size-preload-manager=33554432"
    "memorysetup-temp-allocator-size-nav-mesh-worker=65536"
    "memorysetup-temp-allocator-size-audio-worker=65536"
    "memorysetup-temp-allocator-size-cloud-worker=32768"
    "memorysetup-temp-allocator-size-gi-baking-worker=262144"
    "memorysetup-temp-allocator-size-gi-baking-worker=262144"
    "memorysetup-temp-allocator-size-gi-baking-worker=262144"
    "memorysetup-temp-allocator-size-gi-baking-worker=262144"
    "memorysetup-temp-allocator-size-gi-baking-worker=262144"
    "memorysetup-temp-allocator-size-gfx=262144"
Player connection [2292]  Target information:

Player connection [2292]  * "[IP] 192.168.1.143 [Port] 0 [Flags] 2 [Guid] 1416609819 [EditorId] 1416609819 [Version] 1048832 [Id] WindowsEditor(7,Bradley_Curtis) [Debug] 1 [PackageName] WindowsEditor [ProjectName] Editor" 

Player connection [2292] Host joined multi-casting on [225.0.0.222:54997]...
Player connection [2292] Host joined alternative multi-casting on [225.0.0.222:34997]...
JobSystem: Creating JobQueue using job-worker-count value 7
Input System module state changed to: Initialized.
[Physics::Module] Initialized fallback backend.
[Physics::Module] Id: 0xdecafbad
Library Redirect Path: Library/
[Physics::Module] Selected backend.
[Physics::Module] Name: PhysX
[Physics::Module] Id: 0xf2b8ea05
[Physics::Module] SDK Version: 4.1.2
[Physics::Module] Integration Version: 1.0.0
[Physics::Module] Threading Mode: Multi-Threaded
Refreshing native plugins compatible for Editor in 10.97 ms, found 8 plugins.
Preloading 0 native plugins for Editor in 0.00 ms.
Initialize engine version: 6000.0.50f1 (f1ef1dca8bff)
[Subsystems] Discovering subsystems at path C:/Program Files/Unity/Hub/Editor/6000.0.50f1/Editor/Data/Resources/UnitySubsystems
[Subsystems] Discovering subsystems at path C:/Users/bradl/OneDrive/Documents/Unity/FoundationPlatformer/Assets
GfxDevice: creating device client; kGfxThreadingModeNonThreaded
Direct3D:
    Version:  Direct3D 11.0 [level 11.1]
    Renderer: NVIDIA GeForce RTX 4050 Laptop GPU (ID=0x28e1)
    Vendor:   NVIDIA
    VRAM:     5921 MB
    Driver:   32.0.15.6636
Initialize mono
Mono path[0] = 'C:/Program Files/Unity/Hub/Editor/6000.0.50f1/Editor/Data/Managed'
Mono path[1] = 'C:/Program Files/Unity/Hub/Editor/6000.0.50f1/Editor/Data/MonoBleedingEdge/lib/mono/unityjit-win32'
Mono config path = 'C:/Program Files/Unity/Hub/Editor/6000.0.50f1/Editor/Data/MonoBleedingEdge/etc'
Using monoOptions --debugger-agent=transport=dt_socket,embedding=1,server=y,suspend=n,address=127.0.0.1:56940
Begin MonoManager ReloadAssembly
Registering precompiled unity dll's ...
Register platform support module: C:/Program Files/Unity/Hub/Editor/6000.0.50f1/Editor/Data/PlaybackEngines/WindowsStandaloneSupport/UnityEditor.WindowsStandalone.Extensions.dll
Registered in 0.005878 seconds.
- Loaded All Assemblies, in  0.696 seconds
Native extension for WindowsStandalone target not found
Mono: successfully reloaded assembly
- Finished resetting the current domain, in  0.621 seconds
Domain Reload Profiling: 1311ms
	BeginReloadAssembly (238ms)
		ExecutionOrderSort (0ms)
		DisableScriptedObjects (0ms)
		BackupInstance (0ms)
		ReleaseScriptingObjects (0ms)
		CreateAndSetChildDomain (1ms)
	RebuildCommonClasses (71ms)
	RebuildNativeTypeToScriptingClass (18ms)
	initialDomainReloadingComplete (95ms)
	LoadAllAssembliesAndSetupDomain (267ms)
		LoadAssemblies (232ms)
		RebuildTransferFunctionScriptingTraits (0ms)
		AnalyzeDomain (263ms)
			TypeCache.Refresh (260ms)
				TypeCache.ScanAssembly (237ms)
			BuildScriptInfoCaches (0ms)
			ResolveRequiredComponents (1ms)
	FinalizeReload (622ms)
		ReleaseScriptCaches (0ms)
		RebuildScriptCaches (0ms)
		SetupLoadedEditorAssemblies (540ms)
			LogAssemblyErrors (0ms)
			InitializePlatformSupportModulesInManaged (44ms)
			SetLoadedEditorAssemblies (8ms)
			BeforeProcessingInitializeOnLoad (118ms)
			ProcessInitializeOnLoadAttributes (271ms)
			ProcessInitializeOnLoadMethodAttributes (99ms)
			AfterProcessingInitializeOnLoad (0ms)
			EditorAssembliesLoaded (0ms)
		ExecutionOrderSort2 (0ms)
		AwakeInstancesAfterBackupRestoration (0ms)
========================================================================
Worker process is ready to serve import requests
Import Worker Mode flag is 0x00
Begin MonoManager ReloadAssembly
- Loaded All Assemblies, in  1.974 seconds
Refreshing native plugins compatible for Editor in 43.07 ms, found 8 plugins.
Native extension for WindowsStandalone target not found
Refreshing native plugins compatible for Editor in 8.38 ms, found 8 plugins.
Mono: successfully reloaded assembly
- Finished resetting the current domain, in  1.572 seconds
Domain Reload Profiling: 3531ms
	BeginReloadAssembly (302ms)
		ExecutionOrderSort (0ms)
		DisableScriptedObjects (9ms)
		BackupInstance (0ms)
		ReleaseScriptingObjects (0ms)
		CreateAndSetChildDomain (78ms)
	RebuildCommonClasses (64ms)
	RebuildNativeTypeToScriptingClass (18ms)
	initialDomainReloadingComplete (69ms)
	LoadAllAssembliesAndSetupDomain (1506ms)
		LoadAssemblies (1219ms)
		RebuildTransferFunctionScriptingTraits (0ms)
		AnalyzeDomain (441ms)
			TypeCache.Refresh (333ms)
				TypeCache.ScanAssembly (304ms)
			BuildScriptInfoCaches (86ms)
			ResolveRequiredComponents (16ms)
	FinalizeReload (1572ms)
		ReleaseScriptCaches (0ms)
		RebuildScriptCaches (0ms)
		SetupLoadedEditorAssemblies (1081ms)
			LogAssemblyErrors (0ms)
			InitializePlatformSupportModulesInManaged (4ms)
			SetLoadedEditorAssemblies (10ms)
			BeforeProcessingInitializeOnLoad (251ms)
			ProcessInitializeOnLoadAttributes (693ms)
			ProcessInitializeOnLoadMethodAttributes (103ms)
			AfterProcessingInitializeOnLoad (20ms)
			EditorAssembliesLoaded (0ms)
		ExecutionOrderSort2 (0ms)
		AwakeInstancesAfterBackupRestoration (11ms)
Launched and connected shader compiler UnityShaderCompiler.exe after 0.05 seconds
Refreshing native plugins compatible for Editor in 20.29 ms, found 8 plugins.
Preloading 0 native plugins for Editor in 0.00 ms.
Unloading 246 Unused Serialized files (Serialized files now loaded: 0)
Unloading 6653 unused Assets / (9.2 MB). Loaded Objects now: 7309.
Memory consumption went from 179.0 MB to 169.8 MB.
Total: 202.548600 ms (FindLiveObjects: 1.897600 ms CreateObjectMapping: 1.954900 ms MarkObjects: 191.937000 ms  DeleteObjects: 6.757100 ms)

========================================================================
Received Import Request.
  Time since last request: 80239.751934 seconds.
  path: Assets/HYPEPOLY - Isometric Tiles Standart Lite/Prefabs/Material 3/Coin.prefab
  artifactKey: Guid(5c9f55a9d72675d45b39fe25133eb1cd) Importer(2089858483,192608db42251d675da83286b1cce702)
Start importing Assets/HYPEPOLY - Isometric Tiles Standart Lite/Prefabs/Material 3/Coin.prefab using Guid(5c9f55a9d72675d45b39fe25133eb1cd) Importer(2089858483,192608db42251d675da83286b1cce702) (ScriptedImporter) -> (artifact id: '96e7420f01664f3cae3f75f89d7e162c') in 1.969168 seconds
Number of updated asset objects reloaded before import = 0Number of asset objects unloaded after import = 9

========================================================================
Received Import Request.
  Time since last request: 0.000033 seconds.
  path: Assets/Settings/PC_RPAsset.asset
  artifactKey: Guid(4b83569d67af61e458304325a23e5dfd) Importer(2089858483,3d70f49cd1c2eb9ae422958d1c652c6b)
Start importing Assets/Settings/PC_RPAsset.asset using Guid(4b83569d67af61e458304325a23e5dfd) Importer(2089858483,3d70f49cd1c2eb9ae422958d1c652c6b) (ScriptedImporter) -> (artifact id: '4d56a3d1e84d0c4e5eac6cd551300f53') in 0.0253351 seconds
Number of updated asset objects reloaded before import = 0Number of asset objects unloaded after import = 0

========================================================================
Received Import Request.
  Time since last request: 0.000044 seconds.
  path: Assets/HYPEPOLY - Isometric Tiles Standart Lite/Prefabs/Material 3/Bush 1.prefab
  artifactKey: Guid(7ded7fd4fa5b4eb478d3ea28a936589a) Importer(2089858483,3d70f49cd1c2eb9ae422958d1c652c6b)
Start importing Assets/HYPEPOLY - Isometric Tiles Standart Lite/Prefabs/Material 3/Bush 1.prefab using Guid(7ded7fd4fa5b4eb478d3ea28a936589a) Importer(2089858483,3d70f49cd1c2eb9ae422958d1c652c6b) (ScriptedImporter) -> (artifact id: '8c1a70266af7ce3b70c02d7692639c24') in 0.0297271 seconds
Number of updated asset objects reloaded before import = 0Number of asset objects unloaded after import = 9

========================================================================
Received Import Request.
  Time since last request: 0.000031 seconds.
  path: Assets/HYPEPOLY - Isometric Tiles Standart Lite/Prefabs/Material 0/Bush 2.prefab
  artifactKey: Guid(25d4358d22a714442ae3c55bec1bbf3f) Importer(2089858483,192608db42251d675da83286b1cce702)
Start importing Assets/HYPEPOLY - Isometric Tiles Standart Lite/Prefabs/Material 0/Bush 2.prefab using Guid(25d4358d22a714442ae3c55bec1bbf3f) Importer(2089858483,192608db42251d675da83286b1cce702) (ScriptedImporter) -> (artifact id: '38a5b6a9b6492e90a36ee4a86338498a') in 0.0418795 seconds
Number of updated asset objects reloaded before import = 0Number of asset objects unloaded after import = 9

========================================================================
Received Import Request.
  Time since last request: 0.000029 seconds.
  path: Assets/HYPEPOLY - Isometric Tiles Standart Lite/Prefabs/Material 1/LittleStone 2.prefab
  artifactKey: Guid(947f5531ee1fa7344947a3a6ef091db5) Importer(2089858483,3d70f49cd1c2eb9ae422958d1c652c6b)
Start importing Assets/HYPEPOLY - Isometric Tiles Standart Lite/Prefabs/Material 1/LittleStone 2.prefab using Guid(947f5531ee1fa7344947a3a6ef091db5) Importer(2089858483,3d70f49cd1c2eb9ae422958d1c652c6b) (ScriptedImporter) -> (artifact id: '598daf69d6b3fd5a31dc2280fea48bc3') in 0.0236031 seconds
Number of updated asset objects reloaded before import = 0Number of asset objects unloaded after import = 9

========================================================================
Received Import Request.
  Time since last request: 0.000042 seconds.
  path: Assets/HYPEPOLY - Isometric Tiles Standart Lite/Prefabs/Material 0/LittleStone 2.prefab
  artifactKey: Guid(1fa087e8b03d6da4d8229fd533a41ce7) Importer(2089858483,192608db42251d675da83286b1cce702)
Start importing Assets/HYPEPOLY - Isometric Tiles Standart Lite/Prefabs/Material 0/LittleStone 2.prefab using Guid(1fa087e8b03d6da4d8229fd533a41ce7) Importer(2089858483,192608db42251d675da83286b1cce702) (ScriptedImporter) -> (artifact id: 'fe5860680b4c12a197c89dd347e1a68d') in 0.0284966 seconds
Number of updated asset objects reloaded before import = 0Number of asset objects unloaded after import = 9

========================================================================
Received Import Request.
  Time since last request: 0.000024 seconds.
  path: Assets/HYPEPOLY - Isometric Tiles Standart Lite/Prefabs/Material 1/Branch 2.prefab
  artifactKey: Guid(60d6627e5fcd645459ca9a892e1f1a80) Importer(2089858483,3d70f49cd1c2eb9ae422958d1c652c6b)
Start importing Assets/HYPEPOLY - Isometric Tiles Standart Lite/Prefabs/Material 1/Branch 2.prefab using Guid(60d6627e5fcd645459ca9a892e1f1a80) Importer(2089858483,3d70f49cd1c2eb9ae422958d1c652c6b) (ScriptedImporter) -> (artifact id: '57fcb041e9c7b6cf2ebe51db0c9d2cab') in 0.0207025 seconds
Number of updated asset objects reloaded before import = 0Number of asset objects unloaded after import = 9

========================================================================
Received Import Request.
  Time since last request: 0.000045 seconds.
  path: Assets/HYPEPOLY - Isometric Tiles Standart Lite/Prefabs/Material 2/Bush 2.prefab
  artifactKey: Guid(2f40c419bd3e540408f5af549d78ea76) Importer(2089858483,3d70f49cd1c2eb9ae422958d1c652c6b)
Start importing Assets/HYPEPOLY - Isometric Tiles Standart Lite/Prefabs/Material 2/Bush 2.prefab using Guid(2f40c419bd3e540408f5af549d78ea76) Importer(2089858483,3d70f49cd1c2eb9ae422958d1c652c6b) (ScriptedImporter) -> (artifact id: '7b87505805e67a20ff8f79e1ad2f18c2') in 0.0211742 seconds
Number of updated asset objects reloaded before import = 0Number of asset objects unloaded after import = 9

========================================================================
Received Import Request.
  Time since last request: 0.000044 seconds.
  path: Assets/HYPEPOLY - Isometric Tiles Standart Lite/Textures/IsometricTilesStandartTexture2.png
  artifactKey: Guid(5081f0631428e5c43a2b23ef7c4ac78c) Importer(2089858483,192608db42251d675da83286b1cce702)
Start importing Assets/HYPEPOLY - Isometric Tiles Standart Lite/Textures/IsometricTilesStandartTexture2.png using Guid(5081f0631428e5c43a2b23ef7c4ac78c) Importer(2089858483,192608db42251d675da83286b1cce702) (ScriptedImporter) -> (artifact id: 'f927523cd7858b5be95d074ca33edcb7') in 0.0710124 seconds
Number of updated asset objects reloaded before import = 0Number of asset objects unloaded after import = 1

========================================================================
Received Import Request.
  Time since last request: 0.000024 seconds.
  path: Assets/HYPEPOLY - Isometric Tiles Standart Lite/Prefabs/Material 2/Tile Bot 1.prefab
  artifactKey: Guid(200459a926f45914ca36855e633befda) Importer(2089858483,3d70f49cd1c2eb9ae422958d1c652c6b)
Start importing Assets/HYPEPOLY - Isometric Tiles Standart Lite/Prefabs/Material 2/Tile Bot 1.prefab using Guid(200459a926f45914ca36855e633befda) Importer(2089858483,3d70f49cd1c2eb9ae422958d1c652c6b) (ScriptedImporter) -> (artifact id: '8c894bc2b69c7ff0611100873e8f5ddf') in 0.0187954 seconds
Number of updated asset objects reloaded before import = 0Number of asset objects unloaded after import = 9

========================================================================
Received Import Request.
  Time since last request: 0.000027 seconds.
  path: Assets/HYPEPOLY - Isometric Tiles Standart Lite/Prefabs/Material 2/Tile Decor.prefab
  artifactKey: Guid(cdb217eb0f1a6114c9accdc155fcea5f) Importer(2089858483,3d70f49cd1c2eb9ae422958d1c652c6b)
Start importing Assets/HYPEPOLY - Isometric Tiles Standart Lite/Prefabs/Material 2/Tile Decor.prefab using Guid(cdb217eb0f1a6114c9accdc155fcea5f) Importer(2089858483,3d70f49cd1c2eb9ae422958d1c652c6b) (ScriptedImporter) -> (artifact id: 'a09485f40751820ff257be865dc2fb37') in 0.0204197 seconds
Number of updated asset objects reloaded before import = 0Number of asset objects unloaded after import = 9

========================================================================
Received Import Request.
  Time since last request: 0.000040 seconds.
  path: Assets/HYPEPOLY - Isometric Tiles Standart Lite/Prefabs/Material 0/Tile Bot 2.prefab
  artifactKey: Guid(b24af410a59a0cc4c8f01f3ad358b943) Importer(2089858483,3d70f49cd1c2eb9ae422958d1c652c6b)
Start importing Assets/HYPEPOLY - Isometric Tiles Standart Lite/Prefabs/Material 0/Tile Bot 2.prefab using Guid(b24af410a59a0cc4c8f01f3ad358b943) Importer(2089858483,3d70f49cd1c2eb9ae422958d1c652c6b) (ScriptedImporter) -> (artifact id: '4ae628633ac6c5c7bcf3cf89ff897780') in 0.0210567 seconds
Number of updated asset objects reloaded before import = 0Number of asset objects unloaded after import = 9

========================================================================
Received Import Request.
  Time since last request: 0.000026 seconds.
  path: Assets/Scripts/Bullet.cs
  artifactKey: Guid(bec9ab87633b32548a225a73e185fc65) Importer(2089858483,192608db42251d675da83286b1cce702)
Start importing Assets/Scripts/Bullet.cs using Guid(bec9ab87633b32548a225a73e185fc65) Importer(2089858483,192608db42251d675da83286b1cce702) (ScriptedImporter) -> (artifact id: 'e944ee428099df4dad18904a643fb079') in 0.0194033 seconds
Number of updated asset objects reloaded before import = 0Number of asset objects unloaded after import = 0

========================================================================
Received Import Request.
  Time since last request: 0.000026 seconds.
  path: Assets/HYPEPOLY - Isometric Tiles Standart Lite/Prefabs/Material 2/Nameplate.prefab
  artifactKey: Guid(8dae05d3f47952b4ea654ded5ea3d5da) Importer(2089858483,192608db42251d675da83286b1cce702)
Start importing Assets/HYPEPOLY - Isometric Tiles Standart Lite/Prefabs/Material 2/Nameplate.prefab using Guid(8dae05d3f47952b4ea654ded5ea3d5da) Importer(2089858483,192608db42251d675da83286b1cce702) (ScriptedImporter) -> (artifact id: '493257d35c26bfff7393bc9108084ba1') in 0.0274901 seconds
Number of updated asset objects reloaded before import = 0Number of asset objects unloaded after import = 9

========================================================================
Received Import Request.
  Time since last request: 0.000035 seconds.
  path: Assets/HYPEPOLY - Isometric Tiles Standart Lite/Prefabs/Material 2/Coin.prefab
  artifactKey: Guid(24008ca901bc15e4e9aba3e3e15680dc) Importer(2089858483,192608db42251d675da83286b1cce702)
Start importing Assets/HYPEPOLY - Isometric Tiles Standart Lite/Prefabs/Material 2/Coin.prefab using Guid(24008ca901bc15e4e9aba3e3e15680dc) Importer(2089858483,192608db42251d675da83286b1cce702) (ScriptedImporter) -> (artifact id: '5dcea93976bf0dd23ef2987ab9470fe2') in 0.0299211 seconds
Number of updated asset objects reloaded before import = 0Number of asset objects unloaded after import = 9

========================================================================
Received Import Request.
  Time since last request: 0.000039 seconds.
  path: Assets/HYPEPOLY - Isometric Tiles Standart Lite/Prefabs/Material 1/Tree 1.prefab
  artifactKey: Guid(a3d9b661523801e4a8a84e417439806e) Importer(2089858483,3d70f49cd1c2eb9ae422958d1c652c6b)
Start importing Assets/HYPEPOLY - Isometric Tiles Standart Lite/Prefabs/Material 1/Tree 1.prefab using Guid(a3d9b661523801e4a8a84e417439806e) Importer(2089858483,3d70f49cd1c2eb9ae422958d1c652c6b) (ScriptedImporter) -> (artifact id: 'f55dba34ce6f9c0219f1a5226470c72b') in 0.0225401 seconds
Number of updated asset objects reloaded before import = 0Number of asset objects unloaded after import = 9

========================================================================
Received Import Request.
  Time since last request: 0.000030 seconds.
  path: Assets/HYPEPOLY - Isometric Tiles Standart Lite/Prefabs/Material 3/Grass.prefab
  artifactKey: Guid(9d85f236dc3faae4f86333b78893ea70) Importer(2089858483,3d70f49cd1c2eb9ae422958d1c652c6b)
Start importing Assets/HYPEPOLY - Isometric Tiles Standart Lite/Prefabs/Material 3/Grass.prefab using Guid(9d85f236dc3faae4f86333b78893ea70) Importer(2089858483,3d70f49cd1c2eb9ae422958d1c652c6b) (ScriptedImporter) -> (artifact id: 'c965ed9026c13e6b3987d45688f6ecaf') in 0.0555765 seconds
Number of updated asset objects reloaded before import = 0Number of asset objects unloaded after import = 9

========================================================================
Received Import Request.
  Time since last request: 0.000027 seconds.
  path: Assets/HYPEPOLY - Isometric Tiles Standart Lite/Demo/Demo.unity
  artifactKey: Guid(2d396ec68023908499d684877ec4b09f) Importer(2089858483,192608db42251d675da83286b1cce702)
Start importing Assets/HYPEPOLY - Isometric Tiles Standart Lite/Demo/Demo.unity using Guid(2d396ec68023908499d684877ec4b09f) Importer(2089858483,192608db42251d675da83286b1cce702) (ScriptedImporter) -> (artifact id: '1e53972b0dccdf9ec126b6675a0f16b9') in 0.0629143 seconds
Number of updated asset objects reloaded before import = 0Number of asset objects unloaded after import = 1

========================================================================
Received Import Request.
  Time since last request: 0.000037 seconds.
  path: Assets/HYPEPOLY - Isometric Tiles Standart Lite/Prefabs/Material 0/Fence.prefab
  artifactKey: Guid(c4c0a33a13be57f498b5218097d89b92) Importer(2089858483,3d70f49cd1c2eb9ae422958d1c652c6b)
Start importing Assets/HYPEPOLY - Isometric Tiles Standart Lite/Prefabs/Material 0/Fence.prefab using Guid(c4c0a33a13be57f498b5218097d89b92) Importer(2089858483,3d70f49cd1c2eb9ae422958d1c652c6b) (ScriptedImporter) -> (artifact id: '9b4a330a9761116c4492f320f83a7142') in 0.0205076 seconds
Number of updated asset objects reloaded before import = 0Number of asset objects unloaded after import = 9

========================================================================
Received Import Request.
  Time since last request: 8.683229 seconds.
  path: Assets/HYPEPOLY - Isometric Tiles Standart Lite/Materials/IsometricTilesStandartMaterial3.mat
  artifactKey: Guid(ca84838835c66d148a8772ef83593bbe) Importer(2089858483,192608db42251d675da83286b1cce702)
Start importing Assets/HYPEPOLY - Isometric Tiles Standart Lite/Materials/IsometricTilesStandartMaterial3.mat using Guid(ca84838835c66d148a8772ef83593bbe) Importer(2089858483,192608db42251d675da83286b1cce702) (ScriptedImporter) -> (artifact id: '0c3a9ebe77218c26729f73207d7ee401') in 0.0388204 seconds
Number of updated asset objects reloaded before import = 0Number of asset objects unloaded after import = 2

========================================================================
Received Import Request.
  Time since last request: 100.639300 seconds.
  path: Assets/HYPEPOLY - Isometric Tiles Standart Lite/Materials/IsometricTilesStandartMaterial1.mat
  artifactKey: Guid(6e1d5c048d3ec914aab12aa6d6836cf7) Importer(2089858483,192608db42251d675da83286b1cce702)
Start importing Assets/HYPEPOLY - Isometric Tiles Standart Lite/Materials/IsometricTilesStandartMaterial1.mat using Guid(6e1d5c048d3ec914aab12aa6d6836cf7) Importer(2089858483,192608db42251d675da83286b1cce702) (ScriptedImporter) -> (artifact id: '2ff63ca781f31798ca7a1b13be681c3d') in 0.0285534 seconds
Number of updated asset objects reloaded before import = 0Number of asset objects unloaded after import = 2

========================================================================
Received Prepare
Begin MonoManager ReloadAssembly
- Loaded All Assemblies, in  0.798 seconds
Refreshing native plugins compatible for Editor in 4.79 ms, found 8 plugins.
Native extension for WindowsStandalone target not found
Mono: successfully reloaded assembly
- Finished resetting the current domain, in  0.753 seconds
Domain Reload Profiling: 1546ms
	BeginReloadAssembly (234ms)
		ExecutionOrderSort (0ms)
		DisableScriptedObjects (6ms)
		BackupInstance (0ms)
		ReleaseScriptingObjects (0ms)
		CreateAndSetChildDomain (72ms)
	RebuildCommonClasses (33ms)
	RebuildNativeTypeToScriptingClass (10ms)
	initialDomainReloadingComplete (33ms)
	LoadAllAssembliesAndSetupDomain (483ms)
		LoadAssemblies (392ms)
		RebuildTransferFunctionScriptingTraits (0ms)
		AnalyzeDomain (184ms)
			TypeCache.Refresh (8ms)
				TypeCache.ScanAssembly (0ms)
			BuildScriptInfoCaches (164ms)
			ResolveRequiredComponents (10ms)
	FinalizeReload (754ms)
		ReleaseScriptCaches (0ms)
		RebuildScriptCaches (0ms)
		SetupLoadedEditorAssemblies (576ms)
			LogAssemblyErrors (0ms)
			InitializePlatformSupportModulesInManaged (2ms)
			SetLoadedEditorAssemblies (6ms)
			BeforeProcessingInitializeOnLoad (127ms)
			ProcessInitializeOnLoadAttributes (368ms)
			ProcessInitializeOnLoadMethodAttributes (65ms)
			AfterProcessingInitializeOnLoad (8ms)
			EditorAssembliesLoaded (0ms)
		ExecutionOrderSort2 (0ms)
		AwakeInstancesAfterBackupRestoration (18ms)
Refreshing native plugins compatible for Editor in 6.63 ms, found 8 plugins.
Preloading 0 native plugins for Editor in 0.00 ms.
Unloading 54 Unused Serialized files (Serialized files now loaded: 0)
Unloading 6649 unused Assets / (9.0 MB). Loaded Objects now: 7328.
Memory consumption went from 159.9 MB to 150.9 MB.
Total: 14.426700 ms (FindLiveObjects: 0.848700 ms CreateObjectMapping: 1.328200 ms MarkObjects: 6.545300 ms  DeleteObjects: 5.702300 ms)

Prepare: number of updated asset objects reloaded= 0
========================================================================
Received Import Request.
  Time since last request: 99.492412 seconds.
  path: Assets/HYPEPOLY - Isometric Tiles Standart Lite/Prefabs/Material 3/BigStone 2.prefab
  artifactKey: Guid(e13ed0cf50fce3143a0676ce4679ab33) Importer(815301076,1909f56bfc062723c751e8b465ee728b)
Start importing Assets/HYPEPOLY - Isometric Tiles Standart Lite/Prefabs/Material 3/BigStone 2.prefab using Guid(e13ed0cf50fce3143a0676ce4679ab33) Importer(815301076,1909f56bfc062723c751e8b465ee728b) (PreviewImporter) -> (artifact id: '8ea3c6aed9588ccd9019d583f84b3d5f') in 0.6694927 seconds
Number of updated asset objects reloaded before import = 0Number of asset objects unloaded after import = 11

========================================================================
Received Import Request.
  Time since last request: 0.000040 seconds.
  path: Assets/HYPEPOLY - Isometric Tiles Standart Lite/Prefabs/Material 3/Bridge.prefab
  artifactKey: Guid(0913a1f184fed024e9572382be52ab0e) Importer(815301076,1909f56bfc062723c751e8b465ee728b)
Start importing Assets/HYPEPOLY - Isometric Tiles Standart Lite/Prefabs/Material 3/Bridge.prefab using Guid(0913a1f184fed024e9572382be52ab0e) Importer(815301076,1909f56bfc062723c751e8b465ee728b) (PreviewImporter) -> (artifact id: 'b04434bfc29571fa5d6d955a4ab265a0') in 0.020026 seconds
Number of updated asset objects reloaded before import = 0Number of asset objects unloaded after import = 10

========================================================================
Received Import Request.
  Time since last request: 0.000047 seconds.
  path: Assets/HYPEPOLY - Isometric Tiles Standart Lite/Prefabs/Material 3/Branch 2.prefab
  artifactKey: Guid(bdad8c048b955ed469d853458bc9ea70) Importer(815301076,1909f56bfc062723c751e8b465ee728b)
Start importing Assets/HYPEPOLY - Isometric Tiles Standart Lite/Prefabs/Material 3/Branch 2.prefab using Guid(bdad8c048b955ed469d853458bc9ea70) Importer(815301076,1909f56bfc062723c751e8b465ee728b) (PreviewImporter) -> (artifact id: 'a45121d1fff90a9f7503c8eb57db787d') in 0.017174 seconds
Number of updated asset objects reloaded before import = 0Number of asset objects unloaded after import = 10

========================================================================
Received Import Request.
  Time since last request: 0.000024 seconds.
  path: Assets/HYPEPOLY - Isometric Tiles Standart Lite/Prefabs/Material 3/Nameplate.prefab
  artifactKey: Guid(b777a0efa4eeee844a2061f6459bfb2e) Importer(815301076,1909f56bfc062723c751e8b465ee728b)
Start importing Assets/HYPEPOLY - Isometric Tiles Standart Lite/Prefabs/Material 3/Nameplate.prefab using Guid(b777a0efa4eeee844a2061f6459bfb2e) Importer(815301076,1909f56bfc062723c751e8b465ee728b) (PreviewImporter) -> (artifact id: '66432d1ba0ca2f3271c11c225d722099') in 0.0247626 seconds
Number of updated asset objects reloaded before import = 0Number of asset objects unloaded after import = 10

========================================================================
Received Import Request.
  Time since last request: 0.000030 seconds.
  path: Assets/HYPEPOLY - Isometric Tiles Standart Lite/Prefabs/Material 3/LittleStone 1.prefab
  artifactKey: Guid(939d4a35a2aff17488fe1037f15a7075) Importer(815301076,1909f56bfc062723c751e8b465ee728b)
Start importing Assets/HYPEPOLY - Isometric Tiles Standart Lite/Prefabs/Material 3/LittleStone 1.prefab using Guid(939d4a35a2aff17488fe1037f15a7075) Importer(815301076,1909f56bfc062723c751e8b465ee728b) (PreviewImporter) -> (artifact id: 'df879b3cf2924af700ecdb8d5b8bcfa9') in 0.017282 seconds
Number of updated asset objects reloaded before import = 0Number of asset objects unloaded after import = 10

========================================================================
Received Import Request.
  Time since last request: 0.000098 seconds.
  path: Assets/HYPEPOLY - Isometric Tiles Standart Lite/Prefabs/Material 3/Stones Tile.prefab
  artifactKey: Guid(9804f470f0abdd94a8a0defa578bae38) Importer(815301076,1909f56bfc062723c751e8b465ee728b)
Start importing Assets/HYPEPOLY - Isometric Tiles Standart Lite/Prefabs/Material 3/Stones Tile.prefab using Guid(9804f470f0abdd94a8a0defa578bae38) Importer(815301076,1909f56bfc062723c751e8b465ee728b) (PreviewImporter) -> (artifact id: '1740341c758ce790668be8fe72a35534') in 0.0168001 seconds
Number of updated asset objects reloaded before import = 0Number of asset objects unloaded after import = 10

========================================================================
Received Import Request.
  Time since last request: 0.000043 seconds.
  path: Assets/HYPEPOLY - Isometric Tiles Standart Lite/Prefabs/Material 3/Fence.prefab
  artifactKey: Guid(449e52ff885e2df46a76a485b398a748) Importer(815301076,1909f56bfc062723c751e8b465ee728b)
Start importing Assets/HYPEPOLY - Isometric Tiles Standart Lite/Prefabs/Material 3/Fence.prefab using Guid(449e52ff885e2df46a76a485b398a748) Importer(815301076,1909f56bfc062723c751e8b465ee728b) (PreviewImporter) -> (artifact id: '0189c413641b6b306f128a877d53437b') in 0.0180221 seconds
Number of updated asset objects reloaded before import = 0Number of asset objects unloaded after import = 10

========================================================================
Received Import Request.
  Time since last request: 0.000024 seconds.
  path: Assets/HYPEPOLY - Isometric Tiles Standart Lite/Prefabs/Material 3/LittleStone 2.prefab
  artifactKey: Guid(9b4fd213ef631d64aa6585f7e9a8fcdf) Importer(815301076,1909f56bfc062723c751e8b465ee728b)
Start importing Assets/HYPEPOLY - Isometric Tiles Standart Lite/Prefabs/Material 3/LittleStone 2.prefab using Guid(9b4fd213ef631d64aa6585f7e9a8fcdf) Importer(815301076,1909f56bfc062723c751e8b465ee728b) (PreviewImporter) -> (artifact id: '9f5854bb6c8ef035ae86b93702da11a7') in 0.0157393 seconds
Number of updated asset objects reloaded before import = 0Number of asset objects unloaded after import = 10

========================================================================
Received Import Request.
  Time since last request: 0.000031 seconds.
  path: Assets/HYPEPOLY - Isometric Tiles Standart Lite/Prefabs/Material 3/Tile Bot 1.prefab
  artifactKey: Guid(67097796c689344478784e66dc3d0bb5) Importer(815301076,1909f56bfc062723c751e8b465ee728b)
Start importing Assets/HYPEPOLY - Isometric Tiles Standart Lite/Prefabs/Material 3/Tile Bot 1.prefab using Guid(67097796c689344478784e66dc3d0bb5) Importer(815301076,1909f56bfc062723c751e8b465ee728b) (PreviewImporter) -> (artifact id: 'f6180fe957290bc677f9a940423456b5') in 0.0172866 seconds
Number of updated asset objects reloaded before import = 0Number of asset objects unloaded after import = 10

========================================================================
Received Import Request.
  Time since last request: 0.000035 seconds.
  path: Assets/HYPEPOLY - Isometric Tiles Standart Lite/Prefabs/Material 3/Branch 1.prefab
  artifactKey: Guid(495a56af0699279498c48f4191d9f93c) Importer(815301076,1909f56bfc062723c751e8b465ee728b)
Start importing Assets/HYPEPOLY - Isometric Tiles Standart Lite/Prefabs/Material 3/Branch 1.prefab using Guid(495a56af0699279498c48f4191d9f93c) Importer(815301076,1909f56bfc062723c751e8b465ee728b) (PreviewImporter) -> (artifact id: '81db7be30fcb72f338181c33a1fd8236') in 0.0190842 seconds
Number of updated asset objects reloaded before import = 0Number of asset objects unloaded after import = 10

========================================================================
Received Import Request.
  Time since last request: 0.000044 seconds.
  path: Assets/HYPEPOLY - Isometric Tiles Standart Lite/Prefabs/Material 3/Grass.prefab
  artifactKey: Guid(9d85f236dc3faae4f86333b78893ea70) Importer(815301076,1909f56bfc062723c751e8b465ee728b)
Start importing Assets/HYPEPOLY - Isometric Tiles Standart Lite/Prefabs/Material 3/Grass.prefab using Guid(9d85f236dc3faae4f86333b78893ea70) Importer(815301076,1909f56bfc062723c751e8b465ee728b) (PreviewImporter) -> (artifact id: '3413e7ff99ac5f74b842a4a365aca1af') in 0.0189306 seconds
Number of updated asset objects reloaded before import = 0Number of asset objects unloaded after import = 10

========================================================================
Received Import Request.
  Time since last request: 0.000026 seconds.
  path: Assets/HYPEPOLY - Isometric Tiles Standart Lite/Prefabs/Material 3/Coin.prefab
  artifactKey: Guid(5c9f55a9d72675d45b39fe25133eb1cd) Importer(815301076,1909f56bfc062723c751e8b465ee728b)
Start importing Assets/HYPEPOLY - Isometric Tiles Standart Lite/Prefabs/Material 3/Coin.prefab using Guid(5c9f55a9d72675d45b39fe25133eb1cd) Importer(815301076,1909f56bfc062723c751e8b465ee728b) (PreviewImporter) -> (artifact id: '66508e6ada452ecb6eb4d9000fb49ada') in 0.0168498 seconds
Number of updated asset objects reloaded before import = 0Number of asset objects unloaded after import = 10

========================================================================
Received Import Request.
  Time since last request: 1.545843 seconds.
  path: Assets/HYPEPOLY - Isometric Tiles Standart Lite/Materials/IsometricTilesStandartMaterial1.mat
  artifactKey: Guid(6e1d5c048d3ec914aab12aa6d6836cf7) Importer(815301076,1909f56bfc062723c751e8b465ee728b)
Start importing Assets/HYPEPOLY - Isometric Tiles Standart Lite/Materials/IsometricTilesStandartMaterial1.mat using Guid(6e1d5c048d3ec914aab12aa6d6836cf7) Importer(815301076,1909f56bfc062723c751e8b465ee728b) (PreviewImporter) -> (artifact id: '688058a088afd5bd4ce02015f0d19372') in 0.0461569 seconds
Number of updated asset objects reloaded before import = 0Number of asset objects unloaded after import = 2

========================================================================
Received Import Request.
  Time since last request: 0.000034 seconds.
  path: Assets/HYPEPOLY - Isometric Tiles Standart Lite/Materials/IsometricTilesStandartMaterial3.mat
  artifactKey: Guid(ca84838835c66d148a8772ef83593bbe) Importer(815301076,1909f56bfc062723c751e8b465ee728b)
Start importing Assets/HYPEPOLY - Isometric Tiles Standart Lite/Materials/IsometricTilesStandartMaterial3.mat using Guid(ca84838835c66d148a8772ef83593bbe) Importer(815301076,1909f56bfc062723c751e8b465ee728b) (PreviewImporter) -> (artifact id: '465096728ebc42d701432c6a75a33938') in 0.0205991 seconds
Number of updated asset objects reloaded before import = 0Number of asset objects unloaded after import = 2

========================================================================
Received Import Request.
  Time since last request: 8.369945 seconds.
  path: Assets/HYPEPOLY - Isometric Tiles Standart Lite/Prefabs/Material 0/Branch 1.prefab
  artifactKey: Guid(4fdcfaf87ac8ed04e8b7f438cb718b1e) Importer(815301076,1909f56bfc062723c751e8b465ee728b)
Start importing Assets/HYPEPOLY - Isometric Tiles Standart Lite/Prefabs/Material 0/Branch 1.prefab using Guid(4fdcfaf87ac8ed04e8b7f438cb718b1e) Importer(815301076,1909f56bfc062723c751e8b465ee728b) (PreviewImporter) -> (artifact id: 'e2ec5622b03efc2281017e1d74c08ab7') in 0.0213274 seconds
Number of updated asset objects reloaded before import = 0Number of asset objects unloaded after import = 10

========================================================================
Received Import Request.
  Time since last request: 0.000028 seconds.
  path: Assets/HYPEPOLY - Isometric Tiles Standart Lite/Prefabs/Material 0/Tile Bot 2.prefab
  artifactKey: Guid(b24af410a59a0cc4c8f01f3ad358b943) Importer(815301076,1909f56bfc062723c751e8b465ee728b)
Start importing Assets/HYPEPOLY - Isometric Tiles Standart Lite/Prefabs/Material 0/Tile Bot 2.prefab using Guid(b24af410a59a0cc4c8f01f3ad358b943) Importer(815301076,1909f56bfc062723c751e8b465ee728b) (PreviewImporter) -> (artifact id: '0a54b2a01a8aaa8237059a9f559f7e63') in 0.0356203 seconds
Number of updated asset objects reloaded before import = 0Number of asset objects unloaded after import = 10

========================================================================
Received Import Request.
  Time since last request: 0.000031 seconds.
  path: Assets/HYPEPOLY - Isometric Tiles Standart Lite/Prefabs/Material 0/Nameplate.prefab
  artifactKey: Guid(ed6de85b9226e3146b5f62ffb3b4a1fd) Importer(815301076,1909f56bfc062723c751e8b465ee728b)
Start importing Assets/HYPEPOLY - Isometric Tiles Standart Lite/Prefabs/Material 0/Nameplate.prefab using Guid(ed6de85b9226e3146b5f62ffb3b4a1fd) Importer(815301076,1909f56bfc062723c751e8b465ee728b) (PreviewImporter) -> (artifact id: 'e4ad8bf9bc982bc33dd9d3db845a05f6') in 0.0157973 seconds
Number of updated asset objects reloaded before import = 0Number of asset objects unloaded after import = 10

========================================================================
Received Import Request.
  Time since last request: 0.000035 seconds.
  path: Assets/HYPEPOLY - Isometric Tiles Standart Lite/Prefabs/Material 0/Fence.prefab
  artifactKey: Guid(c4c0a33a13be57f498b5218097d89b92) Importer(815301076,1909f56bfc062723c751e8b465ee728b)
Start importing Assets/HYPEPOLY - Isometric Tiles Standart Lite/Prefabs/Material 0/Fence.prefab using Guid(c4c0a33a13be57f498b5218097d89b92) Importer(815301076,1909f56bfc062723c751e8b465ee728b) (PreviewImporter) -> (artifact id: '6889dc8618dfcb87e3a01d2447bec513') in 0.020329 seconds
Number of updated asset objects reloaded before import = 0Number of asset objects unloaded after import = 10

========================================================================
Received Import Request.
  Time since last request: 0.000024 seconds.
  path: Assets/HYPEPOLY - Isometric Tiles Standart Lite/Prefabs/Material 0/Ground Tile.prefab
  artifactKey: Guid(900e6f9432fab1f4e86d7e9e63e57f0c) Importer(815301076,1909f56bfc062723c751e8b465ee728b)
Start importing Assets/HYPEPOLY - Isometric Tiles Standart Lite/Prefabs/Material 0/Ground Tile.prefab using Guid(900e6f9432fab1f4e86d7e9e63e57f0c) Importer(815301076,1909f56bfc062723c751e8b465ee728b) (PreviewImporter) -> (artifact id: '97d0f6ebffd859a6c24923bef347725c') in 0.0167083 seconds
Number of updated asset objects reloaded before import = 0Number of asset objects unloaded after import = 10

========================================================================
Received Import Request.
  Time since last request: 0.000024 seconds.
  path: Assets/HYPEPOLY - Isometric Tiles Standart Lite/Prefabs/Material 0/LittleStone 3.prefab
  artifactKey: Guid(4f2bfcd4d48b1304f87f0eb55c22b2ad) Importer(815301076,1909f56bfc062723c751e8b465ee728b)
Start importing Assets/HYPEPOLY - Isometric Tiles Standart Lite/Prefabs/Material 0/LittleStone 3.prefab using Guid(4f2bfcd4d48b1304f87f0eb55c22b2ad) Importer(815301076,1909f56bfc062723c751e8b465ee728b) (PreviewImporter) -> (artifact id: '6e16c01b13ba48505b7eb810c4ebbb01') in 0.0165986 seconds
Number of updated asset objects reloaded before import = 0Number of asset objects unloaded after import = 10

========================================================================
Received Import Request.
  Time since last request: 0.000021 seconds.
  path: Assets/HYPEPOLY - Isometric Tiles Standart Lite/Prefabs/Material 0/Tree 1.prefab
  artifactKey: Guid(d26323b6796b9124cbb1d69c674adc29) Importer(815301076,1909f56bfc062723c751e8b465ee728b)
Start importing Assets/HYPEPOLY - Isometric Tiles Standart Lite/Prefabs/Material 0/Tree 1.prefab using Guid(d26323b6796b9124cbb1d69c674adc29) Importer(815301076,1909f56bfc062723c751e8b465ee728b) (PreviewImporter) -> (artifact id: 'ca4b385ed205362a9807b93a7aa11e76') in 0.0179809 seconds
Number of updated asset objects reloaded before import = 0Number of asset objects unloaded after import = 10

Editor requested this worker to shutdown with reason: Scaling down because of idle timeout
AssetImportWorker is now disconnected from the server
Process exiting
Exiting without the bug reporter. Application will terminate with return code 0