Using pre-set license
Built from '6000.0/staging' branch; Version is '6000.0.50f1 (f1ef1dca8bff) revision 15855389'; Using compiler version '193933523'; Build Type 'Release'
OS: 'Windows 11  (10.0.26200) 64bit Core' Language: 'en' Physical Memory: 15610 MB
BatchMode: 1, IsHumanControllingUs: 0, StartBugReporterOnCrash: 0, Is64bit: 1
Date: 2026-04-09T08:38:21Z

COMMAND LINE ARGUMENTS:
C:\Program Files\Unity\Hub\Editor\6000.0.50f1\Editor\Unity.exe
-adb2
-batchMode
-noUpm
-name
AssetImportWorker6
-projectPath
C:/Users/bradl/OneDrive/Documents/Unity/FoundationPlatformer
-logFile
Logs/AssetImportWorker6.log
-srvPort
58054
-job-worker-count
7
-background-job-worker-count
8
-gc-helper-count
1
Successfully changed project path to: C:/Users/bradl/OneDrive/Documents/Unity/FoundationPlatformer
C:/Users/bradl/OneDrive/Documents/Unity/FoundationPlatformer
[UnityMemory] Configuration Parameters - Can be set up in boot.config
    "memorysetup-bucket-allocator-granularity=16"
    "memorysetup-bucket-allocator-bucket-count=8"
    "memorysetup-bucket-allocator-block-size=33554432"
    "memorysetup-bucket-allocator-block-count=8"
    "memorysetup-main-allocator-block-size=16777216"
    "memorysetup-thread-allocator-block-size=16777216"
    "memorysetup-gfx-main-allocator-block-size=16777216"
    "memorysetup-gfx-thread-allocator-block-size=16777216"
    "memorysetup-cache-allocator-block-size=4194304"
    "memorysetup-typetree-allocator-block-size=2097152"
    "memorysetup-profiler-bucket-allocator-granularity=16"
    "memorysetup-profiler-bucket-allocator-bucket-count=8"
    "memorysetup-profiler-bucket-allocator-block-size=33554432"
    "memorysetup-profiler-bucket-allocator-block-count=8"
    "memorysetup-profiler-allocator-block-size=16777216"
    "memorysetup-profiler-editor-allocator-block-size=1048576"
    "memorysetup-temp-allocator-size-main=16777216"
    "memorysetup-job-temp-allocator-block-size=2097152"
    "memorysetup-job-temp-allocator-block-size-background=1048576"
    "memorysetup-job-temp-allocator-reduction-small-platforms=262144"
    "memorysetup-allocator-temp-initial-block-size-main=262144"
    "memorysetup-allocator-temp-initial-block-size-worker=262144"
    "memorysetup-temp-allocator-size-background-worker=32768"
    "memorysetup-temp-allocator-size-job-worker=262144"
    "memorysetup-temp-allocator-size-preload-manager=33554432"
    "memorysetup-temp-allocator-size-nav-mesh-worker=65536"
    "memorysetup-temp-allocator-size-audio-worker=65536"
    "memorysetup-temp-allocator-size-cloud-worker=32768"
    "memorysetup-temp-allocator-size-gi-baking-worker=262144"
    "memorysetup-temp-allocator-size-gi-baking-worker=262144"
    "memorysetup-temp-allocator-size-gi-baking-worker=262144"
    "memorysetup-temp-allocator-size-gi-baking-worker=262144"
    "memorysetup-temp-allocator-size-gi-baking-worker=262144"
    "memorysetup-temp-allocator-size-gfx=262144"
Player connection [26188]  Target information:

Player connection [26188]  * "[IP] 192.168.1.143 [Port] 0 [Flags] 2 [Guid] 2530520157 [EditorId] 2530520157 [Version] 1048832 [Id] WindowsEditor(7,Bradley_Curtis) [Debug] 1 [PackageName] WindowsEditor [ProjectName] Editor" 

Player connection [26188] Host joined multi-casting on [225.0.0.222:54997]...
Player connection [26188] Host joined alternative multi-casting on [225.0.0.222:34997]...
JobSystem: Creating JobQueue using job-worker-count value 7
Input System module state changed to: Initialized.
[Physics::Module] Initialized fallback backend.
[Physics::Module] Id: 0xdecafbad
Library Redirect Path: Library/
[Physics::Module] Selected backend.
[Physics::Module] Name: PhysX
[Physics::Module] Id: 0xf2b8ea05
[Physics::Module] SDK Version: 4.1.2
[Physics::Module] Integration Version: 1.0.0
[Physics::Module] Threading Mode: Multi-Threaded
Refreshing native plugins compatible for Editor in 16.84 ms, found 8 plugins.
Preloading 0 native plugins for Editor in 0.00 ms.
Initialize engine version: 6000.0.50f1 (f1ef1dca8bff)
[Subsystems] Discovering subsystems at path C:/Program Files/Unity/Hub/Editor/6000.0.50f1/Editor/Data/Resources/UnitySubsystems
[Subsystems] Discovering subsystems at path C:/Users/bradl/OneDrive/Documents/Unity/FoundationPlatformer/Assets
GfxDevice: creating device client; kGfxThreadingModeNonThreaded
Direct3D:
    Version:  Direct3D 11.0 [level 11.1]
    Renderer: NVIDIA GeForce RTX 4050 Laptop GPU (ID=0x28e1)
    Vendor:   NVIDIA
    VRAM:     5921 MB
    Driver:   32.0.15.6636
Initialize mono
Mono path[0] = 'C:/Program Files/Unity/Hub/Editor/6000.0.50f1/Editor/Data/Managed'
Mono path[1] = 'C:/Program Files/Unity/Hub/Editor/6000.0.50f1/Editor/Data/MonoBleedingEdge/lib/mono/unityjit-win32'
Mono config path = 'C:/Program Files/Unity/Hub/Editor/6000.0.50f1/Editor/Data/MonoBleedingEdge/etc'
Using monoOptions --debugger-agent=transport=dt_socket,embedding=1,server=y,suspend=n,address=127.0.0.1:56052
Begin MonoManager ReloadAssembly
Registering precompiled unity dll's ...
Register platform support module: C:/Program Files/Unity/Hub/Editor/6000.0.50f1/Editor/Data/PlaybackEngines/WindowsStandaloneSupport/UnityEditor.WindowsStandalone.Extensions.dll
Registered in 0.005803 seconds.
- Loaded All Assemblies, in  0.675 seconds
Native extension for WindowsStandalone target not found
Mono: successfully reloaded assembly
- Finished resetting the current domain, in  0.537 seconds
Domain Reload Profiling: 1206ms
	BeginReloadAssembly (224ms)
		ExecutionOrderSort (0ms)
		DisableScriptedObjects (0ms)
		BackupInstance (0ms)
		ReleaseScriptingObjects (0ms)
		CreateAndSetChildDomain (1ms)
	RebuildCommonClasses (72ms)
	RebuildNativeTypeToScriptingClass (18ms)
	initialDomainReloadingComplete (89ms)
	LoadAllAssembliesAndSetupDomain (264ms)
		LoadAssemblies (217ms)
		RebuildTransferFunctionScriptingTraits (0ms)
		AnalyzeDomain (260ms)
			TypeCache.Refresh (258ms)
				TypeCache.ScanAssembly (234ms)
			BuildScriptInfoCaches (0ms)
			ResolveRequiredComponents (1ms)
	FinalizeReload (538ms)
		ReleaseScriptCaches (0ms)
		RebuildScriptCaches (0ms)
		SetupLoadedEditorAssemblies (464ms)
			LogAssemblyErrors (0ms)
			InitializePlatformSupportModulesInManaged (43ms)
			SetLoadedEditorAssemblies (9ms)
			BeforeProcessingInitializeOnLoad (97ms)
			ProcessInitializeOnLoadAttributes (231ms)
			ProcessInitializeOnLoadMethodAttributes (84ms)
			AfterProcessingInitializeOnLoad (0ms)
			EditorAssembliesLoaded (0ms)
		ExecutionOrderSort2 (0ms)
		AwakeInstancesAfterBackupRestoration (0ms)
========================================================================
Worker process is ready to serve import requests
Import Worker Mode flag is 0x00
Begin MonoManager ReloadAssembly
- Loaded All Assemblies, in  1.932 seconds
Refreshing native plugins compatible for Editor in 42.23 ms, found 8 plugins.
Native extension for WindowsStandalone target not found
Refreshing native plugins compatible for Editor in 8.63 ms, found 8 plugins.
Mono: successfully reloaded assembly
- Finished resetting the current domain, in  1.526 seconds
Domain Reload Profiling: 3442ms
	BeginReloadAssembly (300ms)
		ExecutionOrderSort (0ms)
		DisableScriptedObjects (10ms)
		BackupInstance (0ms)
		ReleaseScriptingObjects (0ms)
		CreateAndSetChildDomain (59ms)
	RebuildCommonClasses (64ms)
	RebuildNativeTypeToScriptingClass (17ms)
	initialDomainReloadingComplete (72ms)
	LoadAllAssembliesAndSetupDomain (1462ms)
		LoadAssemblies (1169ms)
		RebuildTransferFunctionScriptingTraits (0ms)
		AnalyzeDomain (460ms)
			TypeCache.Refresh (346ms)
				TypeCache.ScanAssembly (309ms)
			BuildScriptInfoCaches (90ms)
			ResolveRequiredComponents (17ms)
	FinalizeReload (1527ms)
		ReleaseScriptCaches (0ms)
		RebuildScriptCaches (0ms)
		SetupLoadedEditorAssemblies (1056ms)
			LogAssemblyErrors (0ms)
			InitializePlatformSupportModulesInManaged (4ms)
			SetLoadedEditorAssemblies (9ms)
			BeforeProcessingInitializeOnLoad (256ms)
			ProcessInitializeOnLoadAttributes (686ms)
			ProcessInitializeOnLoadMethodAttributes (85ms)
			AfterProcessingInitializeOnLoad (15ms)
			EditorAssembliesLoaded (1ms)
		ExecutionOrderSort2 (0ms)
		AwakeInstancesAfterBackupRestoration (10ms)
Launched and connected shader compiler UnityShaderCompiler.exe after 0.05 seconds
Refreshing native plugins compatible for Editor in 18.57 ms, found 8 plugins.
Preloading 0 native plugins for Editor in 0.00 ms.
Unloading 246 Unused Serialized files (Serialized files now loaded: 0)
Unloading 6653 unused Assets / (9.5 MB). Loaded Objects now: 7309.
Memory consumption went from 177.1 MB to 167.6 MB.
Total: 35.394100 ms (FindLiveObjects: 1.861700 ms CreateObjectMapping: 2.190200 ms MarkObjects: 23.437400 ms  DeleteObjects: 7.901700 ms)

========================================================================
Received Import Request.
  Time since last request: 80239.581037 seconds.
  path: Assets/HYPEPOLY - Isometric Tiles Standart Lite/Prefabs/Material 3/Tile Top 1.prefab
  artifactKey: Guid(3df9158ae7c86a64ca9128178be2a2f4) Importer(2089858483,3d70f49cd1c2eb9ae422958d1c652c6b)
Start importing Assets/HYPEPOLY - Isometric Tiles Standart Lite/Prefabs/Material 3/Tile Top 1.prefab using Guid(3df9158ae7c86a64ca9128178be2a2f4) Importer(2089858483,3d70f49cd1c2eb9ae422958d1c652c6b) (ScriptedImporter) -> (artifact id: 'bc7cf1ac8d22603ceb096b3d6d44f61d') in 0.4016581 seconds
Number of updated asset objects reloaded before import = 0Number of asset objects unloaded after import = 9

========================================================================
Received Import Request.
  Time since last request: 0.000029 seconds.
  path: Assets/HYPEPOLY - Isometric Tiles Standart Lite/Prefabs/Material 3/Stones Tile.prefab
  artifactKey: Guid(9804f470f0abdd94a8a0defa578bae38) Importer(2089858483,192608db42251d675da83286b1cce702)
Start importing Assets/HYPEPOLY - Isometric Tiles Standart Lite/Prefabs/Material 3/Stones Tile.prefab using Guid(9804f470f0abdd94a8a0defa578bae38) Importer(2089858483,192608db42251d675da83286b1cce702) (ScriptedImporter) -> (artifact id: '1fbd764002b7d0cc58bcaf71ed46a1ec') in 0.1600201 seconds
Number of updated asset objects reloaded before import = 0Number of asset objects unloaded after import = 9

========================================================================
Received Import Request.
  Time since last request: 0.000042 seconds.
  path: Assets/HYPEPOLY - Isometric Tiles Standart Lite/Prefabs/Material 3/Fence.prefab
  artifactKey: Guid(449e52ff885e2df46a76a485b398a748) Importer(2089858483,192608db42251d675da83286b1cce702)
Start importing Assets/HYPEPOLY - Isometric Tiles Standart Lite/Prefabs/Material 3/Fence.prefab using Guid(449e52ff885e2df46a76a485b398a748) Importer(2089858483,192608db42251d675da83286b1cce702) (ScriptedImporter) -> (artifact id: '2b981577c01006cbd09841f7927318d9') in 0.0309525 seconds
Number of updated asset objects reloaded before import = 0Number of asset objects unloaded after import = 9

========================================================================
Received Import Request.
  Time since last request: 0.000028 seconds.
  path: Assets/Prefabs/Bullet.prefab
  artifactKey: Guid(c14346bc4844a604ca5711a0bca0971c) Importer(2089858483,192608db42251d675da83286b1cce702)
Start importing Assets/Prefabs/Bullet.prefab using Guid(c14346bc4844a604ca5711a0bca0971c) Importer(2089858483,192608db42251d675da83286b1cce702) (ScriptedImporter) -> (artifact id: 'ca1d598481dde0d8e32d4c6ec431be8e') in 0.0738181 seconds
Number of updated asset objects reloaded before import = 0Number of asset objects unloaded after import = 8

========================================================================
Received Import Request.
  Time since last request: 0.000030 seconds.
  path: Assets/HYPEPOLY - Isometric Tiles Standart Lite/Prefabs/Material 3/Tile Top 2.prefab
  artifactKey: Guid(cd2060c52c6430b4a9d2492da391b9bf) Importer(2089858483,3d70f49cd1c2eb9ae422958d1c652c6b)
Start importing Assets/HYPEPOLY - Isometric Tiles Standart Lite/Prefabs/Material 3/Tile Top 2.prefab using Guid(cd2060c52c6430b4a9d2492da391b9bf) Importer(2089858483,3d70f49cd1c2eb9ae422958d1c652c6b) (ScriptedImporter) -> (artifact id: '512a6b5bbd420cff07becd9d2a2b9ea4') in 0.0202681 seconds
Number of updated asset objects reloaded before import = 0Number of asset objects unloaded after import = 9

========================================================================
Received Import Request.
  Time since last request: 0.000041 seconds.
  path: Assets/HYPEPOLY - Isometric Tiles Standart Lite/Prefabs/Material 3/Tree 1.prefab
  artifactKey: Guid(65c798b5d8436d541bec8e37f0104bd6) Importer(2089858483,192608db42251d675da83286b1cce702)
Start importing Assets/HYPEPOLY - Isometric Tiles Standart Lite/Prefabs/Material 3/Tree 1.prefab using Guid(65c798b5d8436d541bec8e37f0104bd6) Importer(2089858483,192608db42251d675da83286b1cce702) (ScriptedImporter) -> (artifact id: '1a681f03373820d0a797f4445787bbc1') in 0.0296515 seconds
Number of updated asset objects reloaded before import = 0Number of asset objects unloaded after import = 9

========================================================================
Received Import Request.
  Time since last request: 0.000024 seconds.
  path: Assets/HYPEPOLY - Isometric Tiles Standart Lite/Prefabs/Material 1/Tile Decor.prefab
  artifactKey: Guid(beddc5e4d12b6024f90228d377522ea3) Importer(2089858483,192608db42251d675da83286b1cce702)
Start importing Assets/HYPEPOLY - Isometric Tiles Standart Lite/Prefabs/Material 1/Tile Decor.prefab using Guid(beddc5e4d12b6024f90228d377522ea3) Importer(2089858483,192608db42251d675da83286b1cce702) (ScriptedImporter) -> (artifact id: 'd7846a685a0bd4314d94c9ede59d171e') in 0.0416881 seconds
Number of updated asset objects reloaded before import = 0Number of asset objects unloaded after import = 9

========================================================================
Received Import Request.
  Time since last request: 0.000039 seconds.
  path: Assets/Settings/Mobile_Renderer.asset
  artifactKey: Guid(65bc7dbf4170f435aa868c779acfb082) Importer(2089858483,3d70f49cd1c2eb9ae422958d1c652c6b)
Start importing Assets/Settings/Mobile_Renderer.asset using Guid(65bc7dbf4170f435aa868c779acfb082) Importer(2089858483,3d70f49cd1c2eb9ae422958d1c652c6b) (ScriptedImporter) -> (artifact id: '0007cc7fc4a57e3a8c8bf317ed213b44') in 0.0244725 seconds
Number of updated asset objects reloaded before import = 0Number of asset objects unloaded after import = 0

========================================================================
Received Import Request.
  Time since last request: 0.000047 seconds.
  path: Assets/HYPEPOLY - Isometric Tiles Standart Lite/Prefabs/Material 2/Tree 2.prefab
  artifactKey: Guid(1d0d62047c0ad0d469d62127fbd1e23d) Importer(2089858483,192608db42251d675da83286b1cce702)
Start importing Assets/HYPEPOLY - Isometric Tiles Standart Lite/Prefabs/Material 2/Tree 2.prefab using Guid(1d0d62047c0ad0d469d62127fbd1e23d) Importer(2089858483,192608db42251d675da83286b1cce702) (ScriptedImporter) -> (artifact id: '7171373d569eee7694e6609d860a408c') in 0.1568678 seconds
Number of updated asset objects reloaded before import = 0Number of asset objects unloaded after import = 9

========================================================================
Received Import Request.
  Time since last request: 0.000038 seconds.
  path: Assets/HYPEPOLY - Isometric Tiles Standart Lite/Prefabs/Material 1/Bush 1.prefab
  artifactKey: Guid(2026d0eebc61d0d498d45028aa3f375d) Importer(2089858483,192608db42251d675da83286b1cce702)
Start importing Assets/HYPEPOLY - Isometric Tiles Standart Lite/Prefabs/Material 1/Bush 1.prefab using Guid(2026d0eebc61d0d498d45028aa3f375d) Importer(2089858483,192608db42251d675da83286b1cce702) (ScriptedImporter) -> (artifact id: '92b5ccf6e0ff61c60dc538385f9ed687') in 0.027062 seconds
Number of updated asset objects reloaded before import = 0Number of asset objects unloaded after import = 9

========================================================================
Received Import Request.
  Time since last request: 0.000040 seconds.
  path: Assets/HYPEPOLY - Isometric Tiles Standart Lite/Prefabs/Material 0/Fence.prefab
  artifactKey: Guid(c4c0a33a13be57f498b5218097d89b92) Importer(2089858483,192608db42251d675da83286b1cce702)
Start importing Assets/HYPEPOLY - Isometric Tiles Standart Lite/Prefabs/Material 0/Fence.prefab using Guid(c4c0a33a13be57f498b5218097d89b92) Importer(2089858483,192608db42251d675da83286b1cce702) (ScriptedImporter) -> (artifact id: 'd03ebc89989d87ffe68e80ed0379c25e') in 0.0304876 seconds
Number of updated asset objects reloaded before import = 0Number of asset objects unloaded after import = 9

========================================================================
Received Import Request.
  Time since last request: 0.000025 seconds.
  path: Assets/HYPEPOLY - Isometric Tiles Standart Lite/Prefabs/Material 1/Branch 1.prefab
  artifactKey: Guid(fa9faab0d3696534c8c0c5dc263af4c2) Importer(2089858483,3d70f49cd1c2eb9ae422958d1c652c6b)
Start importing Assets/HYPEPOLY - Isometric Tiles Standart Lite/Prefabs/Material 1/Branch 1.prefab using Guid(fa9faab0d3696534c8c0c5dc263af4c2) Importer(2089858483,3d70f49cd1c2eb9ae422958d1c652c6b) (ScriptedImporter) -> (artifact id: 'df3480ddac720b8a80f66946f315c114') in 0.0212169 seconds
Number of updated asset objects reloaded before import = 0Number of asset objects unloaded after import = 9

========================================================================
Received Import Request.
  Time since last request: 0.000030 seconds.
  path: Assets/Settings/UniversalRenderPipelineGlobalSettings.asset
  artifactKey: Guid(18dc0cd2c080841dea60987a38ce93fa) Importer(2089858483,3d70f49cd1c2eb9ae422958d1c652c6b)
Start importing Assets/Settings/UniversalRenderPipelineGlobalSettings.asset using Guid(18dc0cd2c080841dea60987a38ce93fa) Importer(2089858483,3d70f49cd1c2eb9ae422958d1c652c6b) (ScriptedImporter) -> (artifact id: 'f798dc0d9556b9ca68b6f2452ad7f827') in 0.0232652 seconds
Number of updated asset objects reloaded before import = 0Number of asset objects unloaded after import = 0

========================================================================
Received Import Request.
  Time since last request: 0.000040 seconds.
  path: Assets/HYPEPOLY - Isometric Tiles Standart Lite/Prefabs/Material 2/Ground Tile.prefab
  artifactKey: Guid(4ed6fffbb6b1f274ba7c0bbc15e1e4d0) Importer(2089858483,192608db42251d675da83286b1cce702)
Start importing Assets/HYPEPOLY - Isometric Tiles Standart Lite/Prefabs/Material 2/Ground Tile.prefab using Guid(4ed6fffbb6b1f274ba7c0bbc15e1e4d0) Importer(2089858483,192608db42251d675da83286b1cce702) (ScriptedImporter) -> (artifact id: 'b9c7ee30d922b81e0fae568b73bc2eee') in 0.027774 seconds
Number of updated asset objects reloaded before import = 0Number of asset objects unloaded after import = 9

========================================================================
Received Import Request.
  Time since last request: 0.000022 seconds.
  path: Assets/HYPEPOLY - Isometric Tiles Standart Lite/Prefabs/Material 2/BigStone 2.prefab
  artifactKey: Guid(b70e65c0a0ae25a4b979477e733863a5) Importer(2089858483,3d70f49cd1c2eb9ae422958d1c652c6b)
Start importing Assets/HYPEPOLY - Isometric Tiles Standart Lite/Prefabs/Material 2/BigStone 2.prefab using Guid(b70e65c0a0ae25a4b979477e733863a5) Importer(2089858483,3d70f49cd1c2eb9ae422958d1c652c6b) (ScriptedImporter) -> (artifact id: '0e70e3fa56d33b2ef98bae091fd18d0e') in 0.0191359 seconds
Number of updated asset objects reloaded before import = 0Number of asset objects unloaded after import = 9

========================================================================
Received Import Request.
  Time since last request: 0.000026 seconds.
  path: Assets/HYPEPOLY - Isometric Tiles Standart Lite/Prefabs/Material 0/Branch 2.prefab
  artifactKey: Guid(e8ef785b7b64117448a96bb948329292) Importer(2089858483,3d70f49cd1c2eb9ae422958d1c652c6b)
Start importing Assets/HYPEPOLY - Isometric Tiles Standart Lite/Prefabs/Material 0/Branch 2.prefab using Guid(e8ef785b7b64117448a96bb948329292) Importer(2089858483,3d70f49cd1c2eb9ae422958d1c652c6b) (ScriptedImporter) -> (artifact id: '746c3806ec866e40748fe10e086a60b3') in 0.0204869 seconds
Number of updated asset objects reloaded before import = 0Number of asset objects unloaded after import = 9

========================================================================
Received Import Request.
  Time since last request: 0.000038 seconds.
  path: Assets/HYPEPOLY - Isometric Tiles Standart Lite/Prefabs/Material 1/Tile Top 2.prefab
  artifactKey: Guid(3dd970b60e1b094408f229d12a1b15d7) Importer(2089858483,192608db42251d675da83286b1cce702)
Start importing Assets/HYPEPOLY - Isometric Tiles Standart Lite/Prefabs/Material 1/Tile Top 2.prefab using Guid(3dd970b60e1b094408f229d12a1b15d7) Importer(2089858483,192608db42251d675da83286b1cce702) (ScriptedImporter) -> (artifact id: 'fb3ecdab691384258e4f4aee677c8b23') in 0.0323472 seconds
Number of updated asset objects reloaded before import = 0Number of asset objects unloaded after import = 9

========================================================================
Received Import Request.
  Time since last request: 0.000025 seconds.
  path: Assets/HYPEPOLY - Isometric Tiles Standart Lite/Prefabs/Material 0/Ground Tile.prefab
  artifactKey: Guid(900e6f9432fab1f4e86d7e9e63e57f0c) Importer(2089858483,3d70f49cd1c2eb9ae422958d1c652c6b)
Start importing Assets/HYPEPOLY - Isometric Tiles Standart Lite/Prefabs/Material 0/Ground Tile.prefab using Guid(900e6f9432fab1f4e86d7e9e63e57f0c) Importer(2089858483,3d70f49cd1c2eb9ae422958d1c652c6b) (ScriptedImporter) -> (artifact id: '88e9609110f71bc9711c13e25e02884f') in 0.0232245 seconds
Number of updated asset objects reloaded before import = 0Number of asset objects unloaded after import = 9

========================================================================
Received Import Request.
  Time since last request: 0.000028 seconds.
  path: Assets/HYPEPOLY - Isometric Tiles Standart Lite/Prefabs/Material 3/Tile Top 2.prefab
  artifactKey: Guid(cd2060c52c6430b4a9d2492da391b9bf) Importer(2089858483,192608db42251d675da83286b1cce702)
Start importing Assets/HYPEPOLY - Isometric Tiles Standart Lite/Prefabs/Material 3/Tile Top 2.prefab using Guid(cd2060c52c6430b4a9d2492da391b9bf) Importer(2089858483,192608db42251d675da83286b1cce702) (ScriptedImporter) -> (artifact id: '495efebfaf9b5a7af6c4bd29bea88ca6') in 0.0267614 seconds
Number of updated asset objects reloaded before import = 0Number of asset objects unloaded after import = 9

========================================================================
Received Import Request.
  Time since last request: 0.000044 seconds.
  path: Assets/HYPEPOLY - Isometric Tiles Standart Lite/Prefabs/Material 0/Bridge.prefab
  artifactKey: Guid(2754fe213be5eaf409b94575b0aabd8e) Importer(2089858483,3d70f49cd1c2eb9ae422958d1c652c6b)
Start importing Assets/HYPEPOLY - Isometric Tiles Standart Lite/Prefabs/Material 0/Bridge.prefab using Guid(2754fe213be5eaf409b94575b0aabd8e) Importer(2089858483,3d70f49cd1c2eb9ae422958d1c652c6b) (ScriptedImporter) -> (artifact id: 'f5826241c298ccea06dd90596ab52952') in 0.0236902 seconds
Number of updated asset objects reloaded before import = 0Number of asset objects unloaded after import = 9

========================================================================
Received Import Request.
  Time since last request: 0.000025 seconds.
  path: Assets/HYPEPOLY - Isometric Tiles Standart Lite/Prefabs/Material 3/Bridge.prefab
  artifactKey: Guid(0913a1f184fed024e9572382be52ab0e) Importer(2089858483,3d70f49cd1c2eb9ae422958d1c652c6b)
Start importing Assets/HYPEPOLY - Isometric Tiles Standart Lite/Prefabs/Material 3/Bridge.prefab using Guid(0913a1f184fed024e9572382be52ab0e) Importer(2089858483,3d70f49cd1c2eb9ae422958d1c652c6b) (ScriptedImporter) -> (artifact id: '55680a62ae1cf844d77eb92734eddf5d') in 0.0222613 seconds
Number of updated asset objects reloaded before import = 0Number of asset objects unloaded after import = 9

========================================================================
Received Import Request.
  Time since last request: 0.000025 seconds.
  path: Assets/HYPEPOLY - Isometric Tiles Standart Lite/Prefabs/Material 3/Bush 2.prefab
  artifactKey: Guid(7a9bd07133b6c6c4c9f2aa2e3dce284f) Importer(2089858483,192608db42251d675da83286b1cce702)
Start importing Assets/HYPEPOLY - Isometric Tiles Standart Lite/Prefabs/Material 3/Bush 2.prefab using Guid(7a9bd07133b6c6c4c9f2aa2e3dce284f) Importer(2089858483,192608db42251d675da83286b1cce702) (ScriptedImporter) -> (artifact id: '199c82bdd53504051561b5b0b85ee7f5') in 0.0277062 seconds
Number of updated asset objects reloaded before import = 0Number of asset objects unloaded after import = 9

========================================================================
Received Import Request.
  Time since last request: 0.000042 seconds.
  path: Assets/HYPEPOLY - Isometric Tiles Standart Lite/Prefabs/Material 1/Branch 1.prefab
  artifactKey: Guid(fa9faab0d3696534c8c0c5dc263af4c2) Importer(2089858483,192608db42251d675da83286b1cce702)
Start importing Assets/HYPEPOLY - Isometric Tiles Standart Lite/Prefabs/Material 1/Branch 1.prefab using Guid(fa9faab0d3696534c8c0c5dc263af4c2) Importer(2089858483,192608db42251d675da83286b1cce702) (ScriptedImporter) -> (artifact id: 'c48b328cbab5fa14411c1af875f2518f') in 0.02574 seconds
Number of updated asset objects reloaded before import = 0Number of asset objects unloaded after import = 9

========================================================================
Received Import Request.
  Time since last request: 0.000020 seconds.
  path: Assets/HYPEPOLY - Isometric Tiles Standart Lite/Prefabs/Material 0/Tile Top 2.prefab
  artifactKey: Guid(f928cfed68cd2fa41a97871b63b7d54c) Importer(2089858483,192608db42251d675da83286b1cce702)
Start importing Assets/HYPEPOLY - Isometric Tiles Standart Lite/Prefabs/Material 0/Tile Top 2.prefab using Guid(f928cfed68cd2fa41a97871b63b7d54c) Importer(2089858483,192608db42251d675da83286b1cce702) (ScriptedImporter) -> (artifact id: '36807806246be654598e5347cc4c83fd') in 0.0238062 seconds
Number of updated asset objects reloaded before import = 0Number of asset objects unloaded after import = 9

========================================================================
Received Import Request.
  Time since last request: 0.000025 seconds.
  path: Assets/HYPEPOLY - Isometric Tiles Standart Lite/Prefabs/Material 3/LittleStone 2.prefab
  artifactKey: Guid(9b4fd213ef631d64aa6585f7e9a8fcdf) Importer(2089858483,3d70f49cd1c2eb9ae422958d1c652c6b)
Start importing Assets/HYPEPOLY - Isometric Tiles Standart Lite/Prefabs/Material 3/LittleStone 2.prefab using Guid(9b4fd213ef631d64aa6585f7e9a8fcdf) Importer(2089858483,3d70f49cd1c2eb9ae422958d1c652c6b) (ScriptedImporter) -> (artifact id: '422997427732d18906ce2ff9c9f26bac') in 0.0195094 seconds
Number of updated asset objects reloaded before import = 0Number of asset objects unloaded after import = 9

========================================================================
Received Import Request.
  Time since last request: 0.000027 seconds.
  path: Assets/HYPEPOLY - Isometric Tiles Standart Lite/Prefabs/Material 1/Tree 2.prefab
  artifactKey: Guid(a56ab5fba436dbd46836d7b577ed3deb) Importer(2089858483,192608db42251d675da83286b1cce702)
Start importing Assets/HYPEPOLY - Isometric Tiles Standart Lite/Prefabs/Material 1/Tree 2.prefab using Guid(a56ab5fba436dbd46836d7b577ed3deb) Importer(2089858483,192608db42251d675da83286b1cce702) (ScriptedImporter) -> (artifact id: 'c053235f44853f381b4b8df58b44ddd2') in 0.0286151 seconds
Number of updated asset objects reloaded before import = 0Number of asset objects unloaded after import = 9

========================================================================
Received Import Request.
  Time since last request: 0.000030 seconds.
  path: Assets/HYPEPOLY - Isometric Tiles Standart Lite/Models/TilesPack_Standart_Lite.fbx
  artifactKey: Guid(65ee16ee7413b524cbebe2fb52bfbd1c) Importer(2089858483,192608db42251d675da83286b1cce702)
Start importing Assets/HYPEPOLY - Isometric Tiles Standart Lite/Models/TilesPack_Standart_Lite.fbx using Guid(65ee16ee7413b524cbebe2fb52bfbd1c) Importer(2089858483,192608db42251d675da83286b1cce702) (ScriptedImporter) -> (artifact id: 'c3da169d93c93b85105a11b99891831e') in 0.1701996 seconds
Number of updated asset objects reloaded before import = 0Number of asset objects unloaded after import = 123

========================================================================
Received Import Request.
  Time since last request: 0.000025 seconds.
  path: Assets/HYPEPOLY - Isometric Tiles Standart Lite/Prefabs/Material 3/LittleStone 1.prefab
  artifactKey: Guid(939d4a35a2aff17488fe1037f15a7075) Importer(2089858483,3d70f49cd1c2eb9ae422958d1c652c6b)
Start importing Assets/HYPEPOLY - Isometric Tiles Standart Lite/Prefabs/Material 3/LittleStone 1.prefab using Guid(939d4a35a2aff17488fe1037f15a7075) Importer(2089858483,3d70f49cd1c2eb9ae422958d1c652c6b) (ScriptedImporter) -> (artifact id: 'ce92215afa4f7d2f33a6f83a6ca1e039') in 0.0235413 seconds
Number of updated asset objects reloaded before import = 0Number of asset objects unloaded after import = 9

========================================================================
Received Import Request.
  Time since last request: 0.000041 seconds.
  path: Assets/HYPEPOLY - Isometric Tiles Standart Lite/Prefabs/Material 1/Nameplate.prefab
  artifactKey: Guid(5f226faa30648a445a5e57937c3c8b21) Importer(2089858483,3d70f49cd1c2eb9ae422958d1c652c6b)
Start importing Assets/HYPEPOLY - Isometric Tiles Standart Lite/Prefabs/Material 1/Nameplate.prefab using Guid(5f226faa30648a445a5e57937c3c8b21) Importer(2089858483,3d70f49cd1c2eb9ae422958d1c652c6b) (ScriptedImporter) -> (artifact id: '4227be7f2988008aa53ef4efab2f3eb9') in 0.0207755 seconds
Number of updated asset objects reloaded before import = 0Number of asset objects unloaded after import = 9

========================================================================
Received Import Request.
  Time since last request: 0.000023 seconds.
  path: Assets/HYPEPOLY - Isometric Tiles Standart Lite/Prefabs/Material 0/LittleStone 3.prefab
  artifactKey: Guid(4f2bfcd4d48b1304f87f0eb55c22b2ad) Importer(2089858483,3d70f49cd1c2eb9ae422958d1c652c6b)
Start importing Assets/HYPEPOLY - Isometric Tiles Standart Lite/Prefabs/Material 0/LittleStone 3.prefab using Guid(4f2bfcd4d48b1304f87f0eb55c22b2ad) Importer(2089858483,3d70f49cd1c2eb9ae422958d1c652c6b) (ScriptedImporter) -> (artifact id: '58720e357ab2d53f8f55f8fa5066dbe5') in 0.0198273 seconds
Number of updated asset objects reloaded before import = 0Number of asset objects unloaded after import = 9

========================================================================
Received Import Request.
  Time since last request: 0.000029 seconds.
  path: Assets/HYPEPOLY - Isometric Tiles Standart Lite/Prefabs/Material 2/BigStone 1.prefab
  artifactKey: Guid(4fe91b70223fc4d4cb3214cdd8a2491f) Importer(2089858483,192608db42251d675da83286b1cce702)
Start importing Assets/HYPEPOLY - Isometric Tiles Standart Lite/Prefabs/Material 2/BigStone 1.prefab using Guid(4fe91b70223fc4d4cb3214cdd8a2491f) Importer(2089858483,192608db42251d675da83286b1cce702) (ScriptedImporter) -> (artifact id: '166d3737762afa191837685483e6519c') in 0.0258946 seconds
Number of updated asset objects reloaded before import = 0Number of asset objects unloaded after import = 9

Editor requested this worker to shutdown with reason: balancing worker count downwards
AssetImportWorker is now disconnected from the server
Process exiting
Exiting without the bug reporter. Application will terminate with return code 0