Using pre-set license
Built from '6000.0/staging' branch; Version is '6000.0.50f1 (f1ef1dca8bff) revision 15855389'; Using compiler version '193933523'; Build Type 'Release'
OS: 'Windows 11  (10.0.26200) 64bit Core' Language: 'en' Physical Memory: 15610 MB
BatchMode: 1, IsHumanControllingUs: 0, StartBugReporterOnCrash: 0, Is64bit: 1
Date: 2026-04-09T08:38:21Z

COMMAND LINE ARGUMENTS:
C:\Program Files\Unity\Hub\Editor\6000.0.50f1\Editor\Unity.exe
-adb2
-batchMode
-noUpm
-name
AssetImportWorker5
-projectPath
C:/Users/bradl/OneDrive/Documents/Unity/FoundationPlatformer
-logFile
Logs/AssetImportWorker5.log
-srvPort
58054
-job-worker-count
7
-background-job-worker-count
8
-gc-helper-count
1
Successfully changed project path to: C:/Users/bradl/OneDrive/Documents/Unity/FoundationPlatformer
C:/Users/bradl/OneDrive/Documents/Unity/FoundationPlatformer
[UnityMemory] Configuration Parameters - Can be set up in boot.config
    "memorysetup-bucket-allocator-granularity=16"
    "memorysetup-bucket-allocator-bucket-count=8"
    "memorysetup-bucket-allocator-block-size=33554432"
    "memorysetup-bucket-allocator-block-count=8"
    "memorysetup-main-allocator-block-size=16777216"
    "memorysetup-thread-allocator-block-size=16777216"
    "memorysetup-gfx-main-allocator-block-size=16777216"
    "memorysetup-gfx-thread-allocator-block-size=16777216"
    "memorysetup-cache-allocator-block-size=4194304"
    "memorysetup-typetree-allocator-block-size=2097152"
    "memorysetup-profiler-bucket-allocator-granularity=16"
    "memorysetup-profiler-bucket-allocator-bucket-count=8"
    "memorysetup-profiler-bucket-allocator-block-size=33554432"
    "memorysetup-profiler-bucket-allocator-block-count=8"
    "memorysetup-profiler-allocator-block-size=16777216"
    "memorysetup-profiler-editor-allocator-block-size=1048576"
    "memorysetup-temp-allocator-size-main=16777216"
    "memorysetup-job-temp-allocator-block-size=2097152"
    "memorysetup-job-temp-allocator-block-size-background=1048576"
    "memorysetup-job-temp-allocator-reduction-small-platforms=262144"
    "memorysetup-allocator-temp-initial-block-size-main=262144"
    "memorysetup-allocator-temp-initial-block-size-worker=262144"
    "memorysetup-temp-allocator-size-background-worker=32768"
    "memorysetup-temp-allocator-size-job-worker=262144"
    "memorysetup-temp-allocator-size-preload-manager=33554432"
    "memorysetup-temp-allocator-size-nav-mesh-worker=65536"
    "memorysetup-temp-allocator-size-audio-worker=65536"
    "memorysetup-temp-allocator-size-cloud-worker=32768"
    "memorysetup-temp-allocator-size-gi-baking-worker=262144"
    "memorysetup-temp-allocator-size-gi-baking-worker=262144"
    "memorysetup-temp-allocator-size-gi-baking-worker=262144"
    "memorysetup-temp-allocator-size-gi-baking-worker=262144"
    "memorysetup-temp-allocator-size-gi-baking-worker=262144"
    "memorysetup-temp-allocator-size-gfx=262144"
Player connection [17900]  Target information:

Player connection [17900]  * "[IP] 192.168.1.143 [Port] 0 [Flags] 2 [Guid] 303296326 [EditorId] 303296326 [Version] 1048832 [Id] WindowsEditor(7,Bradley_Curtis) [Debug] 1 [PackageName] WindowsEditor [ProjectName] Editor" 

Player connection [17900] Host joined multi-casting on [225.0.0.222:54997]...
Player connection [17900] Host joined alternative multi-casting on [225.0.0.222:34997]...
JobSystem: Creating JobQueue using job-worker-count value 7
Input System module state changed to: Initialized.
[Physics::Module] Initialized fallback backend.
[Physics::Module] Id: 0xdecafbad
Library Redirect Path: Library/
[Physics::Module] Selected backend.
[Physics::Module] Name: PhysX
[Physics::Module] Id: 0xf2b8ea05
[Physics::Module] SDK Version: 4.1.2
[Physics::Module] Integration Version: 1.0.0
[Physics::Module] Threading Mode: Multi-Threaded
Refreshing native plugins compatible for Editor in 48.83 ms, found 8 plugins.
Preloading 0 native plugins for Editor in 0.00 ms.
Initialize engine version: 6000.0.50f1 (f1ef1dca8bff)
[Subsystems] Discovering subsystems at path C:/Program Files/Unity/Hub/Editor/6000.0.50f1/Editor/Data/Resources/UnitySubsystems
[Subsystems] Discovering subsystems at path C:/Users/bradl/OneDrive/Documents/Unity/FoundationPlatformer/Assets
GfxDevice: creating device client; kGfxThreadingModeNonThreaded
Direct3D:
    Version:  Direct3D 11.0 [level 11.1]
    Renderer: NVIDIA GeForce RTX 4050 Laptop GPU (ID=0x28e1)
    Vendor:   NVIDIA
    VRAM:     5921 MB
    Driver:   32.0.15.6636
Initialize mono
Mono path[0] = 'C:/Program Files/Unity/Hub/Editor/6000.0.50f1/Editor/Data/Managed'
Mono path[1] = 'C:/Program Files/Unity/Hub/Editor/6000.0.50f1/Editor/Data/MonoBleedingEdge/lib/mono/unityjit-win32'
Mono config path = 'C:/Program Files/Unity/Hub/Editor/6000.0.50f1/Editor/Data/MonoBleedingEdge/etc'
Using monoOptions --debugger-agent=transport=dt_socket,embedding=1,server=y,suspend=n,address=127.0.0.1:56496
Begin MonoManager ReloadAssembly
Registering precompiled unity dll's ...
Register platform support module: C:/Program Files/Unity/Hub/Editor/6000.0.50f1/Editor/Data/PlaybackEngines/WindowsStandaloneSupport/UnityEditor.WindowsStandalone.Extensions.dll
Registered in 0.011040 seconds.
- Loaded All Assemblies, in  0.968 seconds
Native extension for WindowsStandalone target not found
Mono: successfully reloaded assembly
- Finished resetting the current domain, in  1.207 seconds
Domain Reload Profiling: 2164ms
	BeginReloadAssembly (351ms)
		ExecutionOrderSort (0ms)
		DisableScriptedObjects (0ms)
		BackupInstance (0ms)
		ReleaseScriptingObjects (0ms)
		CreateAndSetChildDomain (1ms)
	RebuildCommonClasses (135ms)
	RebuildNativeTypeToScriptingClass (25ms)
	initialDomainReloadingComplete (124ms)
	LoadAllAssembliesAndSetupDomain (321ms)
		LoadAssemblies (342ms)
		RebuildTransferFunctionScriptingTraits (0ms)
		AnalyzeDomain (315ms)
			TypeCache.Refresh (312ms)
				TypeCache.ScanAssembly (288ms)
			BuildScriptInfoCaches (0ms)
			ResolveRequiredComponents (1ms)
	FinalizeReload (1208ms)
		ReleaseScriptCaches (0ms)
		RebuildScriptCaches (0ms)
		SetupLoadedEditorAssemblies (1102ms)
			LogAssemblyErrors (0ms)
			InitializePlatformSupportModulesInManaged (81ms)
			SetLoadedEditorAssemblies (118ms)
			BeforeProcessingInitializeOnLoad (524ms)
			ProcessInitializeOnLoadAttributes (277ms)
			ProcessInitializeOnLoadMethodAttributes (101ms)
			AfterProcessingInitializeOnLoad (0ms)
			EditorAssembliesLoaded (0ms)
		ExecutionOrderSort2 (0ms)
		AwakeInstancesAfterBackupRestoration (0ms)
========================================================================
Worker process is ready to serve import requests
Import Worker Mode flag is 0x00
Begin MonoManager ReloadAssembly
- Loaded All Assemblies, in  3.418 seconds
Refreshing native plugins compatible for Editor in 8.82 ms, found 8 plugins.
Native extension for WindowsStandalone target not found
Refreshing native plugins compatible for Editor in 854.92 ms, found 8 plugins.
Mono: successfully reloaded assembly
- Finished resetting the current domain, in  4.471 seconds
Domain Reload Profiling: 7864ms
	BeginReloadAssembly (462ms)
		ExecutionOrderSort (0ms)
		DisableScriptedObjects (16ms)
		BackupInstance (0ms)
		ReleaseScriptingObjects (0ms)
		CreateAndSetChildDomain (81ms)
	RebuildCommonClasses (67ms)
	RebuildNativeTypeToScriptingClass (48ms)
	initialDomainReloadingComplete (157ms)
	LoadAllAssembliesAndSetupDomain (2658ms)
		LoadAssemblies (2234ms)
		RebuildTransferFunctionScriptingTraits (0ms)
		AnalyzeDomain (707ms)
			TypeCache.Refresh (610ms)
				TypeCache.ScanAssembly (575ms)
			BuildScriptInfoCaches (79ms)
			ResolveRequiredComponents (14ms)
	FinalizeReload (4472ms)
		ReleaseScriptCaches (0ms)
		RebuildScriptCaches (0ms)
		SetupLoadedEditorAssemblies (4121ms)
			LogAssemblyErrors (0ms)
			InitializePlatformSupportModulesInManaged (3ms)
			SetLoadedEditorAssemblies (9ms)
			BeforeProcessingInitializeOnLoad (594ms)
			ProcessInitializeOnLoadAttributes (3135ms)
			ProcessInitializeOnLoadMethodAttributes (263ms)
			AfterProcessingInitializeOnLoad (116ms)
			EditorAssembliesLoaded (0ms)
		ExecutionOrderSort2 (0ms)
		AwakeInstancesAfterBackupRestoration (13ms)
Launched and connected shader compiler UnityShaderCompiler.exe after 0.06 seconds
Refreshing native plugins compatible for Editor in 22.00 ms, found 8 plugins.
Preloading 0 native plugins for Editor in 0.00 ms.
Unloading 246 Unused Serialized files (Serialized files now loaded: 0)
Unloading 6653 unused Assets / (9.0 MB). Loaded Objects now: 7309.
Memory consumption went from 171.2 MB to 162.2 MB.
Total: 30.742600 ms (FindLiveObjects: 2.158900 ms CreateObjectMapping: 2.126600 ms MarkObjects: 18.145500 ms  DeleteObjects: 8.308600 ms)

========================================================================
Received Import Request.
  Time since last request: 80252.542426 seconds.
  path: Assets/HYPEPOLY - Isometric Tiles Standart Lite/Materials/IsometricTilesStandartMaterial0.mat
  artifactKey: Guid(677605c34bb592e4db39513ae3bd4417) Importer(2089858483,192608db42251d675da83286b1cce702)
Start importing Assets/HYPEPOLY - Isometric Tiles Standart Lite/Materials/IsometricTilesStandartMaterial0.mat using Guid(677605c34bb592e4db39513ae3bd4417) Importer(2089858483,192608db42251d675da83286b1cce702) (ScriptedImporter) -> (artifact id: '856ab05488bc0026d0a8c728282dddea') in 0.2108607 seconds
Number of updated asset objects reloaded before import = 0Number of asset objects unloaded after import = 2

========================================================================
Received Import Request.
  Time since last request: 100.468523 seconds.
  path: Assets/HYPEPOLY - Isometric Tiles Standart Lite/Materials/IsometricTilesStandartMaterial0.mat
  artifactKey: Guid(677605c34bb592e4db39513ae3bd4417) Importer(2089858483,192608db42251d675da83286b1cce702)
Start importing Assets/HYPEPOLY - Isometric Tiles Standart Lite/Materials/IsometricTilesStandartMaterial0.mat using Guid(677605c34bb592e4db39513ae3bd4417) Importer(2089858483,192608db42251d675da83286b1cce702) (ScriptedImporter) -> (artifact id: '6fbf14f91814d551703950b99abd3f72') in 0.0285305 seconds
Number of updated asset objects reloaded before import = 0Number of asset objects unloaded after import = 2

========================================================================
Received Import Request.
  Time since last request: 0.000023 seconds.
  path: Assets/Scenes/MainScene.unity
  artifactKey: Guid(99c9720ab356a0642a771bea13969a05) Importer(2089858483,192608db42251d675da83286b1cce702)
Start importing Assets/Scenes/MainScene.unity using Guid(99c9720ab356a0642a771bea13969a05) Importer(2089858483,192608db42251d675da83286b1cce702) (ScriptedImporter) -> (artifact id: 'fe1ad3386e8f95e30e15f594c16acc60') in 0.0289261 seconds
Number of updated asset objects reloaded before import = 0Number of asset objects unloaded after import = 1

========================================================================
Received Import Request.
  Time since last request: 16.272317 seconds.
  path: Assets/Scenes/MainScene.unity
  artifactKey: Guid(99c9720ab356a0642a771bea13969a05) Importer(2089858483,192608db42251d675da83286b1cce702)
Start importing Assets/Scenes/MainScene.unity using Guid(99c9720ab356a0642a771bea13969a05) Importer(2089858483,192608db42251d675da83286b1cce702) (ScriptedImporter) -> (artifact id: 'e9835293d95c96dca443836260883973') in 0.0381321 seconds
Number of updated asset objects reloaded before import = 0Number of asset objects unloaded after import = 1

========================================================================
Received Prepare
Begin MonoManager ReloadAssembly
- Loaded All Assemblies, in  0.803 seconds
Refreshing native plugins compatible for Editor in 4.48 ms, found 8 plugins.
Native extension for WindowsStandalone target not found
Mono: successfully reloaded assembly
- Finished resetting the current domain, in  0.771 seconds
Domain Reload Profiling: 1568ms
	BeginReloadAssembly (229ms)
		ExecutionOrderSort (0ms)
		DisableScriptedObjects (6ms)
		BackupInstance (0ms)
		ReleaseScriptingObjects (0ms)
		CreateAndSetChildDomain (70ms)
	RebuildCommonClasses (35ms)
	RebuildNativeTypeToScriptingClass (10ms)
	initialDomainReloadingComplete (32ms)
	LoadAllAssembliesAndSetupDomain (490ms)
		LoadAssemblies (389ms)
		RebuildTransferFunctionScriptingTraits (0ms)
		AnalyzeDomain (192ms)
			TypeCache.Refresh (8ms)
				TypeCache.ScanAssembly (0ms)
			BuildScriptInfoCaches (171ms)
			ResolveRequiredComponents (10ms)
	FinalizeReload (771ms)
		ReleaseScriptCaches (0ms)
		RebuildScriptCaches (0ms)
		SetupLoadedEditorAssemblies (607ms)
			LogAssemblyErrors (0ms)
			InitializePlatformSupportModulesInManaged (2ms)
			SetLoadedEditorAssemblies (5ms)
			BeforeProcessingInitializeOnLoad (133ms)
			ProcessInitializeOnLoadAttributes (381ms)
			ProcessInitializeOnLoadMethodAttributes (77ms)
			AfterProcessingInitializeOnLoad (8ms)
			EditorAssembliesLoaded (0ms)
		ExecutionOrderSort2 (0ms)
		AwakeInstancesAfterBackupRestoration (16ms)
Refreshing native plugins compatible for Editor in 7.88 ms, found 8 plugins.
Preloading 0 native plugins for Editor in 0.00 ms.
Unloading 54 Unused Serialized files (Serialized files now loaded: 0)
Unloading 6649 unused Assets / (9.0 MB). Loaded Objects now: 7328.
Memory consumption went from 154.1 MB to 145.1 MB.
Total: 12.485300 ms (FindLiveObjects: 0.833600 ms CreateObjectMapping: 1.028900 ms MarkObjects: 5.725400 ms  DeleteObjects: 4.896300 ms)

Prepare: number of updated asset objects reloaded= 0
========================================================================
Received Import Request.
  Time since last request: 82.254956 seconds.
  path: Assets/HYPEPOLY - Isometric Tiles Standart Lite/Prefabs
  artifactKey: Guid(79516f3385aba2845b19de0d57ca03ba) Importer(815301076,1909f56bfc062723c751e8b465ee728b)
Start importing Assets/HYPEPOLY - Isometric Tiles Standart Lite/Prefabs using Guid(79516f3385aba2845b19de0d57ca03ba) Importer(815301076,1909f56bfc062723c751e8b465ee728b) (PreviewImporter) -> (artifact id: '27605340aa9bfe1396a27cbc0c064719') in 0.0075592 seconds
Number of updated asset objects reloaded before import = 0Number of asset objects unloaded after import = 0

========================================================================
Received Import Request.
  Time since last request: 0.641919 seconds.
  path: Assets/HYPEPOLY - Isometric Tiles Standart Lite/Prefabs/Material 3
  artifactKey: Guid(b33332bb52310f944adbdb62d0a86015) Importer(815301076,1909f56bfc062723c751e8b465ee728b)
Start importing Assets/HYPEPOLY - Isometric Tiles Standart Lite/Prefabs/Material 3 using Guid(b33332bb52310f944adbdb62d0a86015) Importer(815301076,1909f56bfc062723c751e8b465ee728b) (PreviewImporter) -> (artifact id: '1e45b576555ceb9f2c1ef27a486c9bb8') in 0.0006237 seconds
Number of updated asset objects reloaded before import = 0Number of asset objects unloaded after import = 0

========================================================================
Received Import Request.
  Time since last request: 0.057252 seconds.
  path: Assets/HYPEPOLY - Isometric Tiles Standart Lite/Prefabs/Material 3/BigStone 1.prefab
  artifactKey: Guid(6c9f227395a05d046a1f60838bbc5be2) Importer(815301076,1909f56bfc062723c751e8b465ee728b)
Start importing Assets/HYPEPOLY - Isometric Tiles Standart Lite/Prefabs/Material 3/BigStone 1.prefab using Guid(6c9f227395a05d046a1f60838bbc5be2) Importer(815301076,1909f56bfc062723c751e8b465ee728b) (PreviewImporter) -> (artifact id: 'f6802182acf760e168f4cd2c6aac9318') in 0.6390434 seconds
Number of updated asset objects reloaded before import = 0Number of asset objects unloaded after import = 11

========================================================================
Received Import Request.
  Time since last request: 0.000040 seconds.
  path: Assets/HYPEPOLY - Isometric Tiles Standart Lite/Prefabs/Material 3/Tree 1.prefab
  artifactKey: Guid(65c798b5d8436d541bec8e37f0104bd6) Importer(815301076,1909f56bfc062723c751e8b465ee728b)
Start importing Assets/HYPEPOLY - Isometric Tiles Standart Lite/Prefabs/Material 3/Tree 1.prefab using Guid(65c798b5d8436d541bec8e37f0104bd6) Importer(815301076,1909f56bfc062723c751e8b465ee728b) (PreviewImporter) -> (artifact id: '4e41005dd3a27df2635d0852d36d214e') in 0.0209862 seconds
Number of updated asset objects reloaded before import = 0Number of asset objects unloaded after import = 10

========================================================================
Received Import Request.
  Time since last request: 0.000038 seconds.
  path: Assets/HYPEPOLY - Isometric Tiles Standart Lite/Prefabs/Material 3/Tile Top 1.prefab
  artifactKey: Guid(3df9158ae7c86a64ca9128178be2a2f4) Importer(815301076,1909f56bfc062723c751e8b465ee728b)
Start importing Assets/HYPEPOLY - Isometric Tiles Standart Lite/Prefabs/Material 3/Tile Top 1.prefab using Guid(3df9158ae7c86a64ca9128178be2a2f4) Importer(815301076,1909f56bfc062723c751e8b465ee728b) (PreviewImporter) -> (artifact id: 'b226504d654a4db6e2544eb33d0241d7') in 0.0339271 seconds
Number of updated asset objects reloaded before import = 0Number of asset objects unloaded after import = 10

========================================================================
Received Import Request.
  Time since last request: 0.000029 seconds.
  path: Assets/HYPEPOLY - Isometric Tiles Standart Lite/Prefabs/Material 3/Tree 2.prefab
  artifactKey: Guid(509b5ccee640fb04a8d164cadd70546b) Importer(815301076,1909f56bfc062723c751e8b465ee728b)
Start importing Assets/HYPEPOLY - Isometric Tiles Standart Lite/Prefabs/Material 3/Tree 2.prefab using Guid(509b5ccee640fb04a8d164cadd70546b) Importer(815301076,1909f56bfc062723c751e8b465ee728b) (PreviewImporter) -> (artifact id: 'ec5aeca4c8ca807922c82484e4b6488e') in 0.0232438 seconds
Number of updated asset objects reloaded before import = 0Number of asset objects unloaded after import = 10

========================================================================
Received Import Request.
  Time since last request: 0.000025 seconds.
  path: Assets/HYPEPOLY - Isometric Tiles Standart Lite/Prefabs/Material 3/Bush 2.prefab
  artifactKey: Guid(7a9bd07133b6c6c4c9f2aa2e3dce284f) Importer(815301076,1909f56bfc062723c751e8b465ee728b)
Start importing Assets/HYPEPOLY - Isometric Tiles Standart Lite/Prefabs/Material 3/Bush 2.prefab using Guid(7a9bd07133b6c6c4c9f2aa2e3dce284f) Importer(815301076,1909f56bfc062723c751e8b465ee728b) (PreviewImporter) -> (artifact id: '2a6433750850d677286caecd6b132ca1') in 0.0222404 seconds
Number of updated asset objects reloaded before import = 0Number of asset objects unloaded after import = 10

========================================================================
Received Import Request.
  Time since last request: 0.000023 seconds.
  path: Assets/HYPEPOLY - Isometric Tiles Standart Lite/Prefabs/Material 3/Ground Tile.prefab
  artifactKey: Guid(ab317370f7f382a498f54cb3e8a9ba7a) Importer(815301076,1909f56bfc062723c751e8b465ee728b)
Start importing Assets/HYPEPOLY - Isometric Tiles Standart Lite/Prefabs/Material 3/Ground Tile.prefab using Guid(ab317370f7f382a498f54cb3e8a9ba7a) Importer(815301076,1909f56bfc062723c751e8b465ee728b) (PreviewImporter) -> (artifact id: '0a71686ca0e5b033c5553e54c3f8c2b9') in 0.0232069 seconds
Number of updated asset objects reloaded before import = 0Number of asset objects unloaded after import = 10

========================================================================
Received Import Request.
  Time since last request: 0.000040 seconds.
  path: Assets/HYPEPOLY - Isometric Tiles Standart Lite/Prefabs/Material 3/LittleStone 3.prefab
  artifactKey: Guid(e6d6ba6d7cea9cc47bdf9e6fe402efb5) Importer(815301076,1909f56bfc062723c751e8b465ee728b)
Start importing Assets/HYPEPOLY - Isometric Tiles Standart Lite/Prefabs/Material 3/LittleStone 3.prefab using Guid(e6d6ba6d7cea9cc47bdf9e6fe402efb5) Importer(815301076,1909f56bfc062723c751e8b465ee728b) (PreviewImporter) -> (artifact id: 'c6b29fa72575cb0ad5f3b3ff4c68bef8') in 0.0189128 seconds
Number of updated asset objects reloaded before import = 0Number of asset objects unloaded after import = 10

========================================================================
Received Import Request.
  Time since last request: 0.000022 seconds.
  path: Assets/HYPEPOLY - Isometric Tiles Standart Lite/Prefabs/Material 3/Tile Bot 2.prefab
  artifactKey: Guid(2b582500fd59acd4085691333e639f9b) Importer(815301076,1909f56bfc062723c751e8b465ee728b)
Start importing Assets/HYPEPOLY - Isometric Tiles Standart Lite/Prefabs/Material 3/Tile Bot 2.prefab using Guid(2b582500fd59acd4085691333e639f9b) Importer(815301076,1909f56bfc062723c751e8b465ee728b) (PreviewImporter) -> (artifact id: '2b02575914668356f4751b31347a63d2') in 0.0197047 seconds
Number of updated asset objects reloaded before import = 0Number of asset objects unloaded after import = 10

========================================================================
Received Import Request.
  Time since last request: 0.000025 seconds.
  path: Assets/HYPEPOLY - Isometric Tiles Standart Lite/Prefabs/Material 3/Tile Decor.prefab
  artifactKey: Guid(e7fadc48150ca704795a746dcfacdc8f) Importer(815301076,1909f56bfc062723c751e8b465ee728b)
Start importing Assets/HYPEPOLY - Isometric Tiles Standart Lite/Prefabs/Material 3/Tile Decor.prefab using Guid(e7fadc48150ca704795a746dcfacdc8f) Importer(815301076,1909f56bfc062723c751e8b465ee728b) (PreviewImporter) -> (artifact id: '2c14cda4752d710c064d356b3ba221a3') in 0.0206497 seconds
Number of updated asset objects reloaded before import = 0Number of asset objects unloaded after import = 10

========================================================================
Received Import Request.
  Time since last request: 0.000033 seconds.
  path: Assets/HYPEPOLY - Isometric Tiles Standart Lite/Prefabs/Material 3/Bush 1.prefab
  artifactKey: Guid(7ded7fd4fa5b4eb478d3ea28a936589a) Importer(815301076,1909f56bfc062723c751e8b465ee728b)
Start importing Assets/HYPEPOLY - Isometric Tiles Standart Lite/Prefabs/Material 3/Bush 1.prefab using Guid(7ded7fd4fa5b4eb478d3ea28a936589a) Importer(815301076,1909f56bfc062723c751e8b465ee728b) (PreviewImporter) -> (artifact id: '60098af3aa71eff9a4455e10e02946c2') in 0.021146 seconds
Number of updated asset objects reloaded before import = 0Number of asset objects unloaded after import = 10

========================================================================
Received Import Request.
  Time since last request: 0.000038 seconds.
  path: Assets/HYPEPOLY - Isometric Tiles Standart Lite/Prefabs/Material 3/Tile Top 2.prefab
  artifactKey: Guid(cd2060c52c6430b4a9d2492da391b9bf) Importer(815301076,1909f56bfc062723c751e8b465ee728b)
Start importing Assets/HYPEPOLY - Isometric Tiles Standart Lite/Prefabs/Material 3/Tile Top 2.prefab using Guid(cd2060c52c6430b4a9d2492da391b9bf) Importer(815301076,1909f56bfc062723c751e8b465ee728b) (PreviewImporter) -> (artifact id: '0920b88a1c10af5712c4fe8ca411c865') in 0.021342 seconds
Number of updated asset objects reloaded before import = 0Number of asset objects unloaded after import = 10

========================================================================
Received Import Request.
  Time since last request: 1.522370 seconds.
  path: Assets/HYPEPOLY - Isometric Tiles Standart Lite/Materials
  artifactKey: Guid(2c0429ab4ad5c384096a138808ef07a4) Importer(815301076,1909f56bfc062723c751e8b465ee728b)
Start importing Assets/HYPEPOLY - Isometric Tiles Standart Lite/Materials using Guid(2c0429ab4ad5c384096a138808ef07a4) Importer(815301076,1909f56bfc062723c751e8b465ee728b) (PreviewImporter) -> (artifact id: '541edd203af5f818316a4370524d1c6c') in 0.0007373 seconds
Number of updated asset objects reloaded before import = 0Number of asset objects unloaded after import = 0

========================================================================
Received Import Request.
  Time since last request: 0.035770 seconds.
  path: Assets/HYPEPOLY - Isometric Tiles Standart Lite/Materials/IsometricTilesStandartMaterial0.mat
  artifactKey: Guid(677605c34bb592e4db39513ae3bd4417) Importer(815301076,1909f56bfc062723c751e8b465ee728b)
Start importing Assets/HYPEPOLY - Isometric Tiles Standart Lite/Materials/IsometricTilesStandartMaterial0.mat using Guid(677605c34bb592e4db39513ae3bd4417) Importer(815301076,1909f56bfc062723c751e8b465ee728b) (PreviewImporter) -> (artifact id: '4389ca287c9d6847de7c8826f56e27fc') in 0.0520232 seconds
Number of updated asset objects reloaded before import = 0Number of asset objects unloaded after import = 2

========================================================================
Received Import Request.
  Time since last request: 0.000027 seconds.
  path: Assets/HYPEPOLY - Isometric Tiles Standart Lite/Materials/IsometricTilesStandartMaterial2.mat
  artifactKey: Guid(44ad4d83e4fe0c54ab0249abde5db257) Importer(815301076,1909f56bfc062723c751e8b465ee728b)
Start importing Assets/HYPEPOLY - Isometric Tiles Standart Lite/Materials/IsometricTilesStandartMaterial2.mat using Guid(44ad4d83e4fe0c54ab0249abde5db257) Importer(815301076,1909f56bfc062723c751e8b465ee728b) (PreviewImporter) -> (artifact id: '7c39e9431521ce7d871032b6f527bd15') in 0.0192254 seconds
Number of updated asset objects reloaded before import = 0Number of asset objects unloaded after import = 2

========================================================================
Received Import Request.
  Time since last request: 8.366189 seconds.
  path: Assets/HYPEPOLY - Isometric Tiles Standart Lite/Prefabs/Material 0/BigStone 2.prefab
  artifactKey: Guid(326d053bdd1aa3a438922c178fec8b73) Importer(815301076,1909f56bfc062723c751e8b465ee728b)
Start importing Assets/HYPEPOLY - Isometric Tiles Standart Lite/Prefabs/Material 0/BigStone 2.prefab using Guid(326d053bdd1aa3a438922c178fec8b73) Importer(815301076,1909f56bfc062723c751e8b465ee728b) (PreviewImporter) -> (artifact id: 'c9791fc04777a5beb09a9e4af4262da6') in 0.0306656 seconds
Number of updated asset objects reloaded before import = 0Number of asset objects unloaded after import = 10

========================================================================
Received Import Request.
  Time since last request: 0.000026 seconds.
  path: Assets/HYPEPOLY - Isometric Tiles Standart Lite/Prefabs/Material 0/Tile Decor.prefab
  artifactKey: Guid(e5a6cf8986afb0543949930ead35cbf9) Importer(815301076,1909f56bfc062723c751e8b465ee728b)
Start importing Assets/HYPEPOLY - Isometric Tiles Standart Lite/Prefabs/Material 0/Tile Decor.prefab using Guid(e5a6cf8986afb0543949930ead35cbf9) Importer(815301076,1909f56bfc062723c751e8b465ee728b) (PreviewImporter) -> (artifact id: 'fbd6fb6839484954c0edb2d558fe42c5') in 0.0298607 seconds
Number of updated asset objects reloaded before import = 0Number of asset objects unloaded after import = 10

========================================================================
Received Import Request.
  Time since last request: 0.000030 seconds.
  path: Assets/HYPEPOLY - Isometric Tiles Standart Lite/Prefabs/Material 0/Tree 2.prefab
  artifactKey: Guid(b84103262dbd8cd48a0d67046bee6366) Importer(815301076,1909f56bfc062723c751e8b465ee728b)
Start importing Assets/HYPEPOLY - Isometric Tiles Standart Lite/Prefabs/Material 0/Tree 2.prefab using Guid(b84103262dbd8cd48a0d67046bee6366) Importer(815301076,1909f56bfc062723c751e8b465ee728b) (PreviewImporter) -> (artifact id: '61dd539134e97215d554915c1e37e4cf') in 0.0198011 seconds
Number of updated asset objects reloaded before import = 0Number of asset objects unloaded after import = 10

========================================================================
Received Import Request.
  Time since last request: 0.000056 seconds.
  path: Assets/HYPEPOLY - Isometric Tiles Standart Lite/Prefabs/Material 0/Coin.prefab
  artifactKey: Guid(ac78353ace64acb4683bc65eb61c7de0) Importer(815301076,1909f56bfc062723c751e8b465ee728b)
Start importing Assets/HYPEPOLY - Isometric Tiles Standart Lite/Prefabs/Material 0/Coin.prefab using Guid(ac78353ace64acb4683bc65eb61c7de0) Importer(815301076,1909f56bfc062723c751e8b465ee728b) (PreviewImporter) -> (artifact id: 'b0b811893aef595b8c7a4c42d68ae8aa') in 0.011452 seconds
Number of updated asset objects reloaded before import = 0Number of asset objects unloaded after import = 10

========================================================================
Received Import Request.
  Time since last request: 0.000026 seconds.
  path: Assets/HYPEPOLY - Isometric Tiles Standart Lite/Prefabs/Material 0/Grass.prefab
  artifactKey: Guid(e8d2ccbee098ec94a954a38c4f953c91) Importer(815301076,1909f56bfc062723c751e8b465ee728b)
Start importing Assets/HYPEPOLY - Isometric Tiles Standart Lite/Prefabs/Material 0/Grass.prefab using Guid(e8d2ccbee098ec94a954a38c4f953c91) Importer(815301076,1909f56bfc062723c751e8b465ee728b) (PreviewImporter) -> (artifact id: '2eaff7d174b08bd2b28b0eb26becc8eb') in 0.0188645 seconds
Number of updated asset objects reloaded before import = 0Number of asset objects unloaded after import = 10

========================================================================
Received Import Request.
  Time since last request: 0.000025 seconds.
  path: Assets/HYPEPOLY - Isometric Tiles Standart Lite/Prefabs/Material 0/Tile Bot 1.prefab
  artifactKey: Guid(162d2f8f57192a14ab9278fc56faf57e) Importer(815301076,1909f56bfc062723c751e8b465ee728b)
Start importing Assets/HYPEPOLY - Isometric Tiles Standart Lite/Prefabs/Material 0/Tile Bot 1.prefab using Guid(162d2f8f57192a14ab9278fc56faf57e) Importer(815301076,1909f56bfc062723c751e8b465ee728b) (PreviewImporter) -> (artifact id: '56ad759f41ed85da155fc7118becb7e2') in 0.0186894 seconds
Number of updated asset objects reloaded before import = 0Number of asset objects unloaded after import = 10

========================================================================
Received Import Request.
  Time since last request: 0.000027 seconds.
  path: Assets/HYPEPOLY - Isometric Tiles Standart Lite/Prefabs/Material 0/Bridge.prefab
  artifactKey: Guid(2754fe213be5eaf409b94575b0aabd8e) Importer(815301076,1909f56bfc062723c751e8b465ee728b)
Start importing Assets/HYPEPOLY - Isometric Tiles Standart Lite/Prefabs/Material 0/Bridge.prefab using Guid(2754fe213be5eaf409b94575b0aabd8e) Importer(815301076,1909f56bfc062723c751e8b465ee728b) (PreviewImporter) -> (artifact id: '64659c363d2b797197e4705e7838b7aa') in 0.0209841 seconds
Number of updated asset objects reloaded before import = 0Number of asset objects unloaded after import = 10

Editor requested this worker to shutdown with reason: Scaling down because of idle timeout
AssetImportWorker is now disconnected from the server
Process exiting
Exiting without the bug reporter. Application will terminate with return code 0