Using pre-set license
Built from '6000.0/staging' branch; Version is '6000.0.50f1 (f1ef1dca8bff) revision 15855389'; Using compiler version '193933523'; Build Type 'Release'
OS: 'Windows 11  (10.0.26200) 64bit Core' Language: 'en' Physical Memory: 15610 MB
BatchMode: 1, IsHumanControllingUs: 0, StartBugReporterOnCrash: 0, Is64bit: 1
Date: 2026-04-09T08:28:47Z

COMMAND LINE ARGUMENTS:
C:\Program Files\Unity\Hub\Editor\6000.0.50f1\Editor\Unity.exe
-adb2
-batchMode
-noUpm
-name
AssetImportWorker2
-projectPath
C:/Users/bradl/OneDrive/Documents/Unity/FoundationPlatformer
-logFile
Logs/AssetImportWorker2.log
-srvPort
58054
-job-worker-count
7
-background-job-worker-count
8
-gc-helper-count
1
Successfully changed project path to: C:/Users/bradl/OneDrive/Documents/Unity/FoundationPlatformer
C:/Users/bradl/OneDrive/Documents/Unity/FoundationPlatformer
[UnityMemory] Configuration Parameters - Can be set up in boot.config
    "memorysetup-bucket-allocator-granularity=16"
    "memorysetup-bucket-allocator-bucket-count=8"
    "memorysetup-bucket-allocator-block-size=33554432"
    "memorysetup-bucket-allocator-block-count=8"
    "memorysetup-main-allocator-block-size=16777216"
    "memorysetup-thread-allocator-block-size=16777216"
    "memorysetup-gfx-main-allocator-block-size=16777216"
    "memorysetup-gfx-thread-allocator-block-size=16777216"
    "memorysetup-cache-allocator-block-size=4194304"
    "memorysetup-typetree-allocator-block-size=2097152"
    "memorysetup-profiler-bucket-allocator-granularity=16"
    "memorysetup-profiler-bucket-allocator-bucket-count=8"
    "memorysetup-profiler-bucket-allocator-block-size=33554432"
    "memorysetup-profiler-bucket-allocator-block-count=8"
    "memorysetup-profiler-allocator-block-size=16777216"
    "memorysetup-profiler-editor-allocator-block-size=1048576"
    "memorysetup-temp-allocator-size-main=16777216"
    "memorysetup-job-temp-allocator-block-size=2097152"
    "memorysetup-job-temp-allocator-block-size-background=1048576"
    "memorysetup-job-temp-allocator-reduction-small-platforms=262144"
    "memorysetup-allocator-temp-initial-block-size-main=262144"
    "memorysetup-allocator-temp-initial-block-size-worker=262144"
    "memorysetup-temp-allocator-size-background-worker=32768"
    "memorysetup-temp-allocator-size-job-worker=262144"
    "memorysetup-temp-allocator-size-preload-manager=33554432"
    "memorysetup-temp-allocator-size-nav-mesh-worker=65536"
    "memorysetup-temp-allocator-size-audio-worker=65536"
    "memorysetup-temp-allocator-size-cloud-worker=32768"
    "memorysetup-temp-allocator-size-gi-baking-worker=262144"
    "memorysetup-temp-allocator-size-gi-baking-worker=262144"
    "memorysetup-temp-allocator-size-gi-baking-worker=262144"
    "memorysetup-temp-allocator-size-gi-baking-worker=262144"
    "memorysetup-temp-allocator-size-gi-baking-worker=262144"
    "memorysetup-temp-allocator-size-gfx=262144"
Player connection [3012]  Target information:

Player connection [3012]  * "[IP] 192.168.1.143 [Port] 0 [Flags] 2 [Guid] 3943366938 [EditorId] 3943366938 [Version] 1048832 [Id] WindowsEditor(7,Bradley_Curtis) [Debug] 1 [PackageName] WindowsEditor [ProjectName] Editor" 

Player connection [3012] Host joined multi-casting on [225.0.0.222:54997]...
Player connection [3012] Host joined alternative multi-casting on [225.0.0.222:34997]...
JobSystem: Creating JobQueue using job-worker-count value 7
Input System module state changed to: Initialized.
[Physics::Module] Initialized fallback backend.
[Physics::Module] Id: 0xdecafbad
Library Redirect Path: Library/
[Physics::Module] Selected backend.
[Physics::Module] Name: PhysX
[Physics::Module] Id: 0xf2b8ea05
[Physics::Module] SDK Version: 4.1.2
[Physics::Module] Integration Version: 1.0.0
[Physics::Module] Threading Mode: Multi-Threaded
Refreshing native plugins compatible for Editor in 4.17 ms, found 4 plugins.
Preloading 0 native plugins for Editor in 0.00 ms.
Initialize engine version: 6000.0.50f1 (f1ef1dca8bff)
[Subsystems] Discovering subsystems at path C:/Program Files/Unity/Hub/Editor/6000.0.50f1/Editor/Data/Resources/UnitySubsystems
[Subsystems] Discovering subsystems at path C:/Users/bradl/OneDrive/Documents/Unity/FoundationPlatformer/Assets
GfxDevice: creating device client; kGfxThreadingModeNonThreaded
Direct3D:
    Version:  Direct3D 11.0 [level 11.1]
    Renderer: NVIDIA GeForce RTX 4050 Laptop GPU (ID=0x28e1)
    Vendor:   NVIDIA
    VRAM:     5921 MB
    Driver:   32.0.15.6636
Initialize mono
Mono path[0] = 'C:/Program Files/Unity/Hub/Editor/6000.0.50f1/Editor/Data/Managed'
Mono path[1] = 'C:/Program Files/Unity/Hub/Editor/6000.0.50f1/Editor/Data/MonoBleedingEdge/lib/mono/unityjit-win32'
Mono config path = 'C:/Program Files/Unity/Hub/Editor/6000.0.50f1/Editor/Data/MonoBleedingEdge/etc'
Using monoOptions --debugger-agent=transport=dt_socket,embedding=1,server=y,suspend=n,address=127.0.0.1:56004
Begin MonoManager ReloadAssembly
Registering precompiled unity dll's ...
Register platform support module: C:/Program Files/Unity/Hub/Editor/6000.0.50f1/Editor/Data/PlaybackEngines/WindowsStandaloneSupport/UnityEditor.WindowsStandalone.Extensions.dll
Registered in 0.004753 seconds.
- Loaded All Assemblies, in  0.525 seconds
Native extension for WindowsStandalone target not found
Mono: successfully reloaded assembly
- Finished resetting the current domain, in  0.495 seconds
Domain Reload Profiling: 1015ms
	BeginReloadAssembly (169ms)
		ExecutionOrderSort (0ms)
		DisableScriptedObjects (0ms)
		BackupInstance (0ms)
		ReleaseScriptingObjects (0ms)
		CreateAndSetChildDomain (1ms)
	RebuildCommonClasses (50ms)
	RebuildNativeTypeToScriptingClass (14ms)
	initialDomainReloadingComplete (74ms)
	LoadAllAssembliesAndSetupDomain (212ms)
		LoadAssemblies (164ms)
		RebuildTransferFunctionScriptingTraits (0ms)
		AnalyzeDomain (208ms)
			TypeCache.Refresh (206ms)
				TypeCache.ScanAssembly (187ms)
			BuildScriptInfoCaches (0ms)
			ResolveRequiredComponents (0ms)
	FinalizeReload (496ms)
		ReleaseScriptCaches (0ms)
		RebuildScriptCaches (0ms)
		SetupLoadedEditorAssemblies (441ms)
			LogAssemblyErrors (0ms)
			InitializePlatformSupportModulesInManaged (33ms)
			SetLoadedEditorAssemblies (6ms)
			BeforeProcessingInitializeOnLoad (94ms)
			ProcessInitializeOnLoadAttributes (238ms)
			ProcessInitializeOnLoadMethodAttributes (69ms)
			AfterProcessingInitializeOnLoad (0ms)
			EditorAssembliesLoaded (0ms)
		ExecutionOrderSort2 (0ms)
		AwakeInstancesAfterBackupRestoration (0ms)
========================================================================
Worker process is ready to serve import requests
Import Worker Mode flag is 0x00
Begin MonoManager ReloadAssembly
- Loaded All Assemblies, in  1.199 seconds
Refreshing native plugins compatible for Editor in 3.45 ms, found 4 plugins.
Native extension for WindowsStandalone target not found
Refreshing native plugins compatible for Editor in 3.50 ms, found 4 plugins.
Mono: successfully reloaded assembly
- Finished resetting the current domain, in  0.988 seconds
Domain Reload Profiling: 2177ms
	BeginReloadAssembly (247ms)
		ExecutionOrderSort (0ms)
		DisableScriptedObjects (9ms)
		BackupInstance (0ms)
		ReleaseScriptingObjects (0ms)
		CreateAndSetChildDomain (47ms)
	RebuildCommonClasses (50ms)
	RebuildNativeTypeToScriptingClass (13ms)
	initialDomainReloadingComplete (61ms)
	LoadAllAssembliesAndSetupDomain (818ms)
		LoadAssemblies (616ms)
		RebuildTransferFunctionScriptingTraits (0ms)
		AnalyzeDomain (340ms)
			TypeCache.Refresh (253ms)
				TypeCache.ScanAssembly (233ms)
			BuildScriptInfoCaches (68ms)
			ResolveRequiredComponents (13ms)
	FinalizeReload (988ms)
		ReleaseScriptCaches (0ms)
		RebuildScriptCaches (0ms)
		SetupLoadedEditorAssemblies (729ms)
			LogAssemblyErrors (0ms)
			InitializePlatformSupportModulesInManaged (3ms)
			SetLoadedEditorAssemblies (5ms)
			BeforeProcessingInitializeOnLoad (184ms)
			ProcessInitializeOnLoadAttributes (477ms)
			ProcessInitializeOnLoadMethodAttributes (53ms)
			AfterProcessingInitializeOnLoad (8ms)
			EditorAssembliesLoaded (0ms)
		ExecutionOrderSort2 (0ms)
		AwakeInstancesAfterBackupRestoration (6ms)
Launched and connected shader compiler UnityShaderCompiler.exe after 0.02 seconds
Refreshing native plugins compatible for Editor in 2.18 ms, found 4 plugins.
Preloading 0 native plugins for Editor in 0.00 ms.
Unloading 198 Unused Serialized files (Serialized files now loaded: 0)
Unloading 6378 unused Assets / (6.7 MB). Loaded Objects now: 7021.
Memory consumption went from 159.6 MB to 152.9 MB.
Total: 10.885300 ms (FindLiveObjects: 0.833200 ms CreateObjectMapping: 0.652900 ms MarkObjects: 5.406100 ms  DeleteObjects: 3.991500 ms)

========================================================================
Received Import Request.
  Time since last request: 79677.854182 seconds.
  path: Assets/HaniJahanDesign/FreePack/Prefabs/HJD_FP_Button_01.prefab
  artifactKey: Guid(5bc9a5bbf4609924aa00bf5db217e716) Importer(815301076,1909f56bfc062723c751e8b465ee728b)
Start importing Assets/HaniJahanDesign/FreePack/Prefabs/HJD_FP_Button_01.prefab using Guid(5bc9a5bbf4609924aa00bf5db217e716) Importer(815301076,1909f56bfc062723c751e8b465ee728b) (PreviewImporter) -> (artifact id: '6e890c4044d8467aa259fe7e2dc9c278') in 0.5069602 seconds
Number of updated asset objects reloaded before import = 0Number of asset objects unloaded after import = 31

========================================================================
Received Import Request.
  Time since last request: 4.891734 seconds.
  path: Assets/HaniJahanDesign/FreePack/Prefabs/HJD_FP_Button_01.prefab
  artifactKey: Guid(5bc9a5bbf4609924aa00bf5db217e716) Importer(815301076,1909f56bfc062723c751e8b465ee728b)
Start importing Assets/HaniJahanDesign/FreePack/Prefabs/HJD_FP_Button_01.prefab using Guid(5bc9a5bbf4609924aa00bf5db217e716) Importer(815301076,1909f56bfc062723c751e8b465ee728b) (PreviewImporter) -> (artifact id: 'c77b20dcf84c10f733a605b25af761fa') in 0.0383156 seconds
Number of updated asset objects reloaded before import = 0Number of asset objects unloaded after import = 29

========================================================================
Received Prepare
Refreshing native plugins compatible for Editor in 2.20 ms, found 4 plugins.
Preloading 0 native plugins for Editor in 0.00 ms.
Unloading 32 Unused Serialized files (Serialized files now loaded: 0)
Unloading 6359 unused Assets / (6.8 MB). Loaded Objects now: 7174.
Memory consumption went from 148.6 MB to 141.8 MB.
Total: 11.634400 ms (FindLiveObjects: 0.675200 ms CreateObjectMapping: 0.463000 ms MarkObjects: 6.463300 ms  DeleteObjects: 4.030900 ms)

Prepare: number of updated asset objects reloaded= 0
========================================================================
Received Prepare
Begin MonoManager ReloadAssembly
- Loaded All Assemblies, in  0.873 seconds
Refreshing native plugins compatible for Editor in 2.32 ms, found 4 plugins.
Native extension for WindowsStandalone target not found
Mono: successfully reloaded assembly
- Finished resetting the current domain, in  0.824 seconds
Domain Reload Profiling: 1694ms
	BeginReloadAssembly (267ms)
		ExecutionOrderSort (0ms)
		DisableScriptedObjects (21ms)
		BackupInstance (0ms)
		ReleaseScriptingObjects (1ms)
		CreateAndSetChildDomain (79ms)
	RebuildCommonClasses (40ms)
	RebuildNativeTypeToScriptingClass (11ms)
	initialDomainReloadingComplete (35ms)
	LoadAllAssembliesAndSetupDomain (516ms)
		LoadAssemblies (421ms)
		RebuildTransferFunctionScriptingTraits (0ms)
		AnalyzeDomain (196ms)
			TypeCache.Refresh (8ms)
				TypeCache.ScanAssembly (0ms)
			BuildScriptInfoCaches (171ms)
			ResolveRequiredComponents (12ms)
	FinalizeReload (824ms)
		ReleaseScriptCaches (0ms)
		RebuildScriptCaches (0ms)
		SetupLoadedEditorAssemblies (632ms)
			LogAssemblyErrors (0ms)
			InitializePlatformSupportModulesInManaged (3ms)
			SetLoadedEditorAssemblies (3ms)
			BeforeProcessingInitializeOnLoad (155ms)
			ProcessInitializeOnLoadAttributes (397ms)
			ProcessInitializeOnLoadMethodAttributes (64ms)
			AfterProcessingInitializeOnLoad (9ms)
			EditorAssembliesLoaded (0ms)
		ExecutionOrderSort2 (0ms)
		AwakeInstancesAfterBackupRestoration (16ms)
Refreshing native plugins compatible for Editor in 2.89 ms, found 4 plugins.
Preloading 0 native plugins for Editor in 0.00 ms.
Unloading 41 Unused Serialized files (Serialized files now loaded: 0)
Unloading 6371 unused Assets / (6.2 MB). Loaded Objects now: 7069.
Memory consumption went from 158.4 MB to 152.1 MB.
Total: 10.459600 ms (FindLiveObjects: 0.714400 ms CreateObjectMapping: 0.754800 ms MarkObjects: 5.375400 ms  DeleteObjects: 3.613800 ms)

Prepare: number of updated asset objects reloaded= 0
========================================================================
Received Import Request.
  Time since last request: 59.983540 seconds.
  path: Assets/Scenes/MainScene.unity
  artifactKey: Guid(99c9720ab356a0642a771bea13969a05) Importer(815301076,1909f56bfc062723c751e8b465ee728b)
Start importing Assets/Scenes/MainScene.unity using Guid(99c9720ab356a0642a771bea13969a05) Importer(815301076,1909f56bfc062723c751e8b465ee728b) (PreviewImporter) -> (artifact id: 'ddec2faf3b33c5204a327b579f089b78') in 0.011515 seconds
Number of updated asset objects reloaded before import = 0Number of asset objects unloaded after import = 0

========================================================================
Received Prepare
Begin MonoManager ReloadAssembly
- Loaded All Assemblies, in  1.612 seconds
Refreshing native plugins compatible for Editor in 4.05 ms, found 8 plugins.
Native extension for WindowsStandalone target not found
Mono: successfully reloaded assembly
- Finished resetting the current domain, in  0.730 seconds
Domain Reload Profiling: 1967ms
	BeginReloadAssembly (256ms)
		ExecutionOrderSort (0ms)
		DisableScriptedObjects (6ms)
		BackupInstance (0ms)
		ReleaseScriptingObjects (0ms)
		CreateAndSetChildDomain (59ms)
	RebuildCommonClasses (77ms)
	RebuildNativeTypeToScriptingClass (21ms)
	initialDomainReloadingComplete (216ms)
	LoadAllAssembliesAndSetupDomain (666ms)
		LoadAssemblies (539ms)
		RebuildTransferFunctionScriptingTraits (0ms)
		AnalyzeDomain (251ms)
			TypeCache.Refresh (134ms)
				TypeCache.ScanAssembly (120ms)
			BuildScriptInfoCaches (104ms)
			ResolveRequiredComponents (10ms)
	FinalizeReload (730ms)
		ReleaseScriptCaches (0ms)
		RebuildScriptCaches (0ms)
		SetupLoadedEditorAssemblies (575ms)
			LogAssemblyErrors (0ms)
			InitializePlatformSupportModulesInManaged (2ms)
			SetLoadedEditorAssemblies (5ms)
			BeforeProcessingInitializeOnLoad (134ms)
			ProcessInitializeOnLoadAttributes (366ms)
			ProcessInitializeOnLoadMethodAttributes (60ms)
			AfterProcessingInitializeOnLoad (8ms)
			EditorAssembliesLoaded (0ms)
		ExecutionOrderSort2 (0ms)
		AwakeInstancesAfterBackupRestoration (18ms)
Refreshing native plugins compatible for Editor in 4.36 ms, found 8 plugins.
Preloading 0 native plugins for Editor in 0.00 ms.
Unloading 79 Unused Serialized files (Serialized files now loaded: 0)
Unloading 6684 unused Assets / (11.9 MB). Loaded Objects now: 7326.
Memory consumption went from 171.2 MB to 159.3 MB.
Total: 13.672700 ms (FindLiveObjects: 1.166000 ms CreateObjectMapping: 1.100500 ms MarkObjects: 5.065400 ms  DeleteObjects: 6.339200 ms)

Prepare: number of updated asset objects reloaded= 0
========================================================================
Received Import Request.
  Time since last request: 396.472365 seconds.
  path: Assets/HYPEPOLY - Isometric Tiles Standart Lite
  artifactKey: Guid(4c43b830c8b32944aa4a22ea457e2144) Importer(815301076,1909f56bfc062723c751e8b465ee728b)
Start importing Assets/HYPEPOLY - Isometric Tiles Standart Lite using Guid(4c43b830c8b32944aa4a22ea457e2144) Importer(815301076,1909f56bfc062723c751e8b465ee728b) (PreviewImporter) -> (artifact id: '93b744a711adcf26e23fd525b5db9c1f') in 0.0077179 seconds
Number of updated asset objects reloaded before import = 0Number of asset objects unloaded after import = 0

========================================================================
Received Import Request.
  Time since last request: 2.645295 seconds.
  path: Assets/HYPEPOLY - Isometric Tiles Standart Lite/Demo
  artifactKey: Guid(ae71ae43c02843e468f0485ec1b097b5) Importer(815301076,1909f56bfc062723c751e8b465ee728b)
Start importing Assets/HYPEPOLY - Isometric Tiles Standart Lite/Demo using Guid(ae71ae43c02843e468f0485ec1b097b5) Importer(815301076,1909f56bfc062723c751e8b465ee728b) (PreviewImporter) -> (artifact id: '8310e7c0e976cd5a83fba40b05cf4ed4') in 0.0009187 seconds
Number of updated asset objects reloaded before import = 0Number of asset objects unloaded after import = 0

========================================================================
Received Import Request.
  Time since last request: 1.792222 seconds.
  path: Assets/HYPEPOLY - Isometric Tiles Standart Lite/Demo/Demo.unity
  artifactKey: Guid(2d396ec68023908499d684877ec4b09f) Importer(815301076,1909f56bfc062723c751e8b465ee728b)
Start importing Assets/HYPEPOLY - Isometric Tiles Standart Lite/Demo/Demo.unity using Guid(2d396ec68023908499d684877ec4b09f) Importer(815301076,1909f56bfc062723c751e8b465ee728b) (PreviewImporter) -> (artifact id: '0bc20b3e64ef5dd5a884877a4a9b479a') in 0.0005884 seconds
Number of updated asset objects reloaded before import = 0Number of asset objects unloaded after import = 0

========================================================================
Received Import Request.
  Time since last request: 68.181524 seconds.
  path: Assets/HYPEPOLY - Isometric Tiles Standart Lite/Demo/Demo.unity
  artifactKey: Guid(2d396ec68023908499d684877ec4b09f) Importer(815301076,1909f56bfc062723c751e8b465ee728b)
Start importing Assets/HYPEPOLY - Isometric Tiles Standart Lite/Demo/Demo.unity using Guid(2d396ec68023908499d684877ec4b09f) Importer(815301076,1909f56bfc062723c751e8b465ee728b) (PreviewImporter) -> (artifact id: '93b1f9d9b2e9c86a6bef638f7caa768e') in 0.0008103 seconds
Number of updated asset objects reloaded before import = 0Number of asset objects unloaded after import = 0

========================================================================
Received Import Request.
  Time since last request: 17.422217 seconds.
  path: Assets/InputSystem_Actions.inputactions
  artifactKey: Guid(052faaac586de48259a63d0c4782560b) Importer(2089858483,192608db42251d675da83286b1cce702)
Start importing Assets/InputSystem_Actions.inputactions using Guid(052faaac586de48259a63d0c4782560b) Importer(2089858483,192608db42251d675da83286b1cce702) (ScriptedImporter) -> (artifact id: 'ae00f1ce39ba71277bc0079f5290385e') in 0.7506991 seconds
Number of updated asset objects reloaded before import = 0Number of asset objects unloaded after import = 21

========================================================================
Received Import Request.
  Time since last request: 0.000035 seconds.
  path: Assets/Settings/Mobile_RPAsset.asset
  artifactKey: Guid(5e6cbd92db86f4b18aec3ed561671858) Importer(2089858483,3d70f49cd1c2eb9ae422958d1c652c6b)
Start importing Assets/Settings/Mobile_RPAsset.asset using Guid(5e6cbd92db86f4b18aec3ed561671858) Importer(2089858483,3d70f49cd1c2eb9ae422958d1c652c6b) (ScriptedImporter) -> (artifact id: '514caa96cf065aa3604684b945f2572a') in 0.0736435 seconds
Number of updated asset objects reloaded before import = 0Number of asset objects unloaded after import = 1

========================================================================
Received Import Request.
  Time since last request: 0.000059 seconds.
  path: Assets/HYPEPOLY - Isometric Tiles Standart Lite/Prefabs/Material 3/BigStone 2.prefab
  artifactKey: Guid(e13ed0cf50fce3143a0676ce4679ab33) Importer(2089858483,3d70f49cd1c2eb9ae422958d1c652c6b)
Start importing Assets/HYPEPOLY - Isometric Tiles Standart Lite/Prefabs/Material 3/BigStone 2.prefab using Guid(e13ed0cf50fce3143a0676ce4679ab33) Importer(2089858483,3d70f49cd1c2eb9ae422958d1c652c6b) (ScriptedImporter) -> (artifact id: 'ce4ec7d843dba6882cf567e48da05b89') in 0.0614085 seconds
Number of updated asset objects reloaded before import = 0Number of asset objects unloaded after import = 9

========================================================================
Received Import Request.
  Time since last request: 0.000029 seconds.
  path: Assets/HYPEPOLY - Isometric Tiles Standart Lite/Prefabs/Material 0/Bridge.prefab
  artifactKey: Guid(2754fe213be5eaf409b94575b0aabd8e) Importer(2089858483,192608db42251d675da83286b1cce702)
Start importing Assets/HYPEPOLY - Isometric Tiles Standart Lite/Prefabs/Material 0/Bridge.prefab using Guid(2754fe213be5eaf409b94575b0aabd8e) Importer(2089858483,192608db42251d675da83286b1cce702) (ScriptedImporter) -> (artifact id: 'fd44c821b615b39161e5042347d216dc') in 0.1139423 seconds
Number of updated asset objects reloaded before import = 0Number of asset objects unloaded after import = 9

========================================================================
Received Import Request.
  Time since last request: 0.000029 seconds.
  path: Assets/HYPEPOLY - Isometric Tiles Standart Lite/Prefabs/Material 2/Branch 1.prefab
  artifactKey: Guid(a7c78a720aa6c62488112a7956962c0b) Importer(2089858483,192608db42251d675da83286b1cce702)
Start importing Assets/HYPEPOLY - Isometric Tiles Standart Lite/Prefabs/Material 2/Branch 1.prefab using Guid(a7c78a720aa6c62488112a7956962c0b) Importer(2089858483,192608db42251d675da83286b1cce702) (ScriptedImporter) -> (artifact id: 'dca0b334c48ef6b9155bc04b42038dd4') in 0.0425537 seconds
Number of updated asset objects reloaded before import = 0Number of asset objects unloaded after import = 9

========================================================================
Received Import Request.
  Time since last request: 0.000047 seconds.
  path: Assets/HYPEPOLY - Isometric Tiles Standart Lite/Prefabs/Material 0/LittleStone 1.prefab
  artifactKey: Guid(5119d5f0634b90c4fa893861654e81b3) Importer(2089858483,3d70f49cd1c2eb9ae422958d1c652c6b)
Start importing Assets/HYPEPOLY - Isometric Tiles Standart Lite/Prefabs/Material 0/LittleStone 1.prefab using Guid(5119d5f0634b90c4fa893861654e81b3) Importer(2089858483,3d70f49cd1c2eb9ae422958d1c652c6b) (ScriptedImporter) -> (artifact id: '230ac150ed8f246bae93fd3102f321e3') in 0.0290029 seconds
Number of updated asset objects reloaded before import = 0Number of asset objects unloaded after import = 9

========================================================================
Received Import Request.
  Time since last request: 0.000023 seconds.
  path: Assets/HYPEPOLY - Isometric Tiles Standart Lite/Prefabs/Material 2/LittleStone 3.prefab
  artifactKey: Guid(cad11d9b98bd5dd4fb9a7f59a4d6a646) Importer(2089858483,3d70f49cd1c2eb9ae422958d1c652c6b)
Start importing Assets/HYPEPOLY - Isometric Tiles Standart Lite/Prefabs/Material 2/LittleStone 3.prefab using Guid(cad11d9b98bd5dd4fb9a7f59a4d6a646) Importer(2089858483,3d70f49cd1c2eb9ae422958d1c652c6b) (ScriptedImporter) -> (artifact id: 'c291beccb6d28af38e737ab79d113f77') in 0.0433653 seconds
Number of updated asset objects reloaded before import = 0Number of asset objects unloaded after import = 9

========================================================================
Received Import Request.
  Time since last request: 0.000035 seconds.
  path: Assets/HYPEPOLY - Isometric Tiles Standart Lite/Materials/IsometricTilesStandartMaterial0.mat
  artifactKey: Guid(677605c34bb592e4db39513ae3bd4417) Importer(2089858483,192608db42251d675da83286b1cce702)
Start importing Assets/HYPEPOLY - Isometric Tiles Standart Lite/Materials/IsometricTilesStandartMaterial0.mat using Guid(677605c34bb592e4db39513ae3bd4417) Importer(2089858483,192608db42251d675da83286b1cce702) (ScriptedImporter) -> (artifact id: 'a72a9d9597e404dc8dac81f735d1a85d') in 0.1231352 seconds
Number of updated asset objects reloaded before import = 0Number of asset objects unloaded after import = 2

========================================================================
Received Import Request.
  Time since last request: 0.000047 seconds.
  path: Assets/HYPEPOLY - Isometric Tiles Standart Lite/Prefabs/Material 2/Nameplate.prefab
  artifactKey: Guid(8dae05d3f47952b4ea654ded5ea3d5da) Importer(2089858483,3d70f49cd1c2eb9ae422958d1c652c6b)
Start importing Assets/HYPEPOLY - Isometric Tiles Standart Lite/Prefabs/Material 2/Nameplate.prefab using Guid(8dae05d3f47952b4ea654ded5ea3d5da) Importer(2089858483,3d70f49cd1c2eb9ae422958d1c652c6b) (ScriptedImporter) -> (artifact id: '7cf8ce36339a3997e0f3619d23866e07') in 0.0228571 seconds
Number of updated asset objects reloaded before import = 0Number of asset objects unloaded after import = 9

========================================================================
Received Import Request.
  Time since last request: 0.000022 seconds.
  path: Assets/HYPEPOLY - Isometric Tiles Standart Lite/Prefabs/Material 3/Bridge.prefab
  artifactKey: Guid(0913a1f184fed024e9572382be52ab0e) Importer(2089858483,192608db42251d675da83286b1cce702)
Start importing Assets/HYPEPOLY - Isometric Tiles Standart Lite/Prefabs/Material 3/Bridge.prefab using Guid(0913a1f184fed024e9572382be52ab0e) Importer(2089858483,192608db42251d675da83286b1cce702) (ScriptedImporter) -> (artifact id: 'c403939aed24b066c59b82be2fe7f72e') in 0.0313781 seconds
Number of updated asset objects reloaded before import = 0Number of asset objects unloaded after import = 9

========================================================================
Received Import Request.
  Time since last request: 0.000029 seconds.
  path: Assets/HYPEPOLY - Isometric Tiles Standart Lite/Prefabs/Material 0/Tree 1.prefab
  artifactKey: Guid(d26323b6796b9124cbb1d69c674adc29) Importer(2089858483,3d70f49cd1c2eb9ae422958d1c652c6b)
Start importing Assets/HYPEPOLY - Isometric Tiles Standart Lite/Prefabs/Material 0/Tree 1.prefab using Guid(d26323b6796b9124cbb1d69c674adc29) Importer(2089858483,3d70f49cd1c2eb9ae422958d1c652c6b) (ScriptedImporter) -> (artifact id: '27b94ce5f19fb6336e60d0cdc24bd7ac') in 0.0319856 seconds
Number of updated asset objects reloaded before import = 0Number of asset objects unloaded after import = 9

========================================================================
Received Import Request.
  Time since last request: 0.000040 seconds.
  path: Assets/HYPEPOLY - Isometric Tiles Standart Lite/Prefabs/Material 2/Bush 1.prefab
  artifactKey: Guid(f511578de5244d24d8896f01bc37f583) Importer(2089858483,192608db42251d675da83286b1cce702)
Start importing Assets/HYPEPOLY - Isometric Tiles Standart Lite/Prefabs/Material 2/Bush 1.prefab using Guid(f511578de5244d24d8896f01bc37f583) Importer(2089858483,192608db42251d675da83286b1cce702) (ScriptedImporter) -> (artifact id: '514924818d2d108813837a70208ee6c6') in 0.0357158 seconds
Number of updated asset objects reloaded before import = 0Number of asset objects unloaded after import = 9

========================================================================
Received Import Request.
  Time since last request: 0.000025 seconds.
  path: Assets/HYPEPOLY - Isometric Tiles Standart Lite/Prefabs/Material 0/Nameplate.prefab
  artifactKey: Guid(ed6de85b9226e3146b5f62ffb3b4a1fd) Importer(2089858483,192608db42251d675da83286b1cce702)
Start importing Assets/HYPEPOLY - Isometric Tiles Standart Lite/Prefabs/Material 0/Nameplate.prefab using Guid(ed6de85b9226e3146b5f62ffb3b4a1fd) Importer(2089858483,192608db42251d675da83286b1cce702) (ScriptedImporter) -> (artifact id: '53002126b4fd78171909bac1a7220580') in 0.0702351 seconds
Number of updated asset objects reloaded before import = 0Number of asset objects unloaded after import = 9

========================================================================
Received Import Request.
  Time since last request: 0.000046 seconds.
  path: Assets/Scripts/Movement.cs
  artifactKey: Guid(58fc3f3a9e4e5404a9009284509edbe5) Importer(2089858483,192608db42251d675da83286b1cce702)
Start importing Assets/Scripts/Movement.cs using Guid(58fc3f3a9e4e5404a9009284509edbe5) Importer(2089858483,192608db42251d675da83286b1cce702) (ScriptedImporter) -> (artifact id: '1a6ed148c46ab924862ad306cf21865e') in 0.0607197 seconds
Number of updated asset objects reloaded before import = 0Number of asset objects unloaded after import = 0

========================================================================
Received Import Request.
  Time since last request: 0.000051 seconds.
  path: Assets/HYPEPOLY - Isometric Tiles Standart Lite/Demo/Demo/LightingData.asset
  artifactKey: Guid(eb6c78014e2f9154ebff5190775226aa) Importer(2089858483,3d70f49cd1c2eb9ae422958d1c652c6b)
Start importing Assets/HYPEPOLY - Isometric Tiles Standart Lite/Demo/Demo/LightingData.asset using Guid(eb6c78014e2f9154ebff5190775226aa) Importer(2089858483,3d70f49cd1c2eb9ae422958d1c652c6b) (ScriptedImporter) -> (artifact id: 'b171736300c18717499a55e5586883da') in 0.0278876 seconds
Number of updated asset objects reloaded before import = 0Number of asset objects unloaded after import = 1

========================================================================
Received Import Request.
  Time since last request: 0.000035 seconds.
  path: Assets/HYPEPOLY - Isometric Tiles Standart Lite/Prefabs/Material 3/Tile Bot 2.prefab
  artifactKey: Guid(2b582500fd59acd4085691333e639f9b) Importer(2089858483,3d70f49cd1c2eb9ae422958d1c652c6b)
Start importing Assets/HYPEPOLY - Isometric Tiles Standart Lite/Prefabs/Material 3/Tile Bot 2.prefab using Guid(2b582500fd59acd4085691333e639f9b) Importer(2089858483,3d70f49cd1c2eb9ae422958d1c652c6b) (ScriptedImporter) -> (artifact id: 'e6fde3d02e150b40aa52649e4e4a24a9') in 0.0383416 seconds
Number of updated asset objects reloaded before import = 0Number of asset objects unloaded after import = 9

========================================================================
Received Import Request.
  Time since last request: 0.000027 seconds.
  path: Assets/HYPEPOLY - Isometric Tiles Standart Lite/Prefabs/Material 3/BigStone 1.prefab
  artifactKey: Guid(6c9f227395a05d046a1f60838bbc5be2) Importer(2089858483,192608db42251d675da83286b1cce702)
Start importing Assets/HYPEPOLY - Isometric Tiles Standart Lite/Prefabs/Material 3/BigStone 1.prefab using Guid(6c9f227395a05d046a1f60838bbc5be2) Importer(2089858483,192608db42251d675da83286b1cce702) (ScriptedImporter) -> (artifact id: '66a70eb5aca03e6f08134f8cbe3e2c0b') in 0.0464332 seconds
Number of updated asset objects reloaded before import = 0Number of asset objects unloaded after import = 9

========================================================================
Received Import Request.
  Time since last request: 0.000055 seconds.
  path: Assets/HYPEPOLY - Isometric Tiles Standart Lite/Demo/All Objects.unity
  artifactKey: Guid(a8a9431ed2098614db875d4f149194eb) Importer(2089858483,3d70f49cd1c2eb9ae422958d1c652c6b)
Start importing Assets/HYPEPOLY - Isometric Tiles Standart Lite/Demo/All Objects.unity using Guid(a8a9431ed2098614db875d4f149194eb) Importer(2089858483,3d70f49cd1c2eb9ae422958d1c652c6b) (ScriptedImporter)Opening scene 'Assets/HYPEPOLY - Isometric Tiles Standart Lite/Demo/All Objects.unity additively'
Loaded scene 'Assets/HYPEPOLY - Isometric Tiles Standart Lite/Demo/All Objects.unity'
	Deserialize:            4.281 ms
	Integration:            66.292 ms
	Integration of assets:  0.002 ms
	Thread Wait Time:       0.280 ms
	Total Operation Time:   70.855 ms
 -> (artifact id: 'b235b025d20ab5defb6efef4cf400777') in 0.132396 seconds
Number of updated asset objects reloaded before import = 0Number of asset objects unloaded after import = 186

========================================================================
Received Import Request.
  Time since last request: 0.000059 seconds.
  path: Assets/HYPEPOLY - Isometric Tiles Standart Lite/Prefabs/Material 2/LittleStone 1.prefab
  artifactKey: Guid(585134f2c275a0447aea1808d2c99a83) Importer(2089858483,3d70f49cd1c2eb9ae422958d1c652c6b)
Start importing Assets/HYPEPOLY - Isometric Tiles Standart Lite/Prefabs/Material 2/LittleStone 1.prefab using Guid(585134f2c275a0447aea1808d2c99a83) Importer(2089858483,3d70f49cd1c2eb9ae422958d1c652c6b) (ScriptedImporter) -> (artifact id: '269f676ad627f4cea21fd13170c28602') in 0.0321884 seconds
Number of updated asset objects reloaded before import = 0Number of asset objects unloaded after import = 9

========================================================================
Received Import Request.
  Time since last request: 0.000035 seconds.
  path: Assets/HYPEPOLY - Isometric Tiles Standart Lite/Prefabs/Material 2/Branch 2.prefab
  artifactKey: Guid(1a0088c0be5bf6744a7547a285946a2b) Importer(2089858483,3d70f49cd1c2eb9ae422958d1c652c6b)
Start importing Assets/HYPEPOLY - Isometric Tiles Standart Lite/Prefabs/Material 2/Branch 2.prefab using Guid(1a0088c0be5bf6744a7547a285946a2b) Importer(2089858483,3d70f49cd1c2eb9ae422958d1c652c6b) (ScriptedImporter) -> (artifact id: 'd2174c7dbfcf33ef5d449d93f188294a') in 0.0262423 seconds
Number of updated asset objects reloaded before import = 0Number of asset objects unloaded after import = 9

========================================================================
Received Import Request.
  Time since last request: 0.000044 seconds.
  path: Assets/Materials/GrowingPlatform.mat
  artifactKey: Guid(b09d5643e86911946b50e324493eee97) Importer(2089858483,192608db42251d675da83286b1cce702)
Start importing Assets/Materials/GrowingPlatform.mat using Guid(b09d5643e86911946b50e324493eee97) Importer(2089858483,192608db42251d675da83286b1cce702) (ScriptedImporter) -> (artifact id: '8920552b76680d479240dd01c2f96a46') in 0.057335 seconds
Number of updated asset objects reloaded before import = 0Number of asset objects unloaded after import = 1

========================================================================
Received Import Request.
  Time since last request: 0.000036 seconds.
  path: Assets/HYPEPOLY - Isometric Tiles Standart Lite/Prefabs/Material 3/Tile Decor.prefab
  artifactKey: Guid(e7fadc48150ca704795a746dcfacdc8f) Importer(2089858483,3d70f49cd1c2eb9ae422958d1c652c6b)
Start importing Assets/HYPEPOLY - Isometric Tiles Standart Lite/Prefabs/Material 3/Tile Decor.prefab using Guid(e7fadc48150ca704795a746dcfacdc8f) Importer(2089858483,3d70f49cd1c2eb9ae422958d1c652c6b) (ScriptedImporter) -> (artifact id: '97c4edb70bc01ea6156aac15e8facebe') in 0.0279783 seconds
Number of updated asset objects reloaded before import = 0Number of asset objects unloaded after import = 9

========================================================================
Received Import Request.
  Time since last request: 0.000028 seconds.
  path: Assets/HYPEPOLY - Isometric Tiles Standart Lite/Demo/Demo.unity
  artifactKey: Guid(2d396ec68023908499d684877ec4b09f) Importer(2089858483,3d70f49cd1c2eb9ae422958d1c652c6b)
Start importing Assets/HYPEPOLY - Isometric Tiles Standart Lite/Demo/Demo.unity using Guid(2d396ec68023908499d684877ec4b09f) Importer(2089858483,3d70f49cd1c2eb9ae422958d1c652c6b) (ScriptedImporter)Opening scene 'Assets/HYPEPOLY - Isometric Tiles Standart Lite/Demo/Demo.unity additively'
Loaded scene 'Assets/HYPEPOLY - Isometric Tiles Standart Lite/Demo/Demo.unity'
	Deserialize:            32.684 ms
	Integration:            473.187 ms
	Integration of assets:  0.005 ms
	Thread Wait Time:       25.494 ms
	Total Operation Time:   531.370 ms
 -> (artifact id: '6d19f6257a79c38135d4f1f72b6fe76e') in 0.8066776 seconds
Number of updated asset objects reloaded before import = 0Number of asset objects unloaded after import = 174

========================================================================
Received Import Request.
  Time since last request: 0.000041 seconds.
  path: Assets/HYPEPOLY - Isometric Tiles Standart Lite/Prefabs/Material 2/Tree 1.prefab
  artifactKey: Guid(3c35546a5208df9409b96c23d4121d80) Importer(2089858483,3d70f49cd1c2eb9ae422958d1c652c6b)
Start importing Assets/HYPEPOLY - Isometric Tiles Standart Lite/Prefabs/Material 2/Tree 1.prefab using Guid(3c35546a5208df9409b96c23d4121d80) Importer(2089858483,3d70f49cd1c2eb9ae422958d1c652c6b) (ScriptedImporter) -> (artifact id: 'be7a76ad746638e18fe3558dda873dde') in 0.0260095 seconds
Number of updated asset objects reloaded before import = 0Number of asset objects unloaded after import = 9

========================================================================
Received Import Request.
  Time since last request: 0.000047 seconds.
  path: Assets/HYPEPOLY - Isometric Tiles Standart Lite/Prefabs/Material 2/Tile Top 2.prefab
  artifactKey: Guid(c9136788b99468f4d896217e3b9c17a6) Importer(2089858483,192608db42251d675da83286b1cce702)
Start importing Assets/HYPEPOLY - Isometric Tiles Standart Lite/Prefabs/Material 2/Tile Top 2.prefab using Guid(c9136788b99468f4d896217e3b9c17a6) Importer(2089858483,192608db42251d675da83286b1cce702) (ScriptedImporter) -> (artifact id: '4145caf27cd7adf5e10e9649749635e5') in 0.0576486 seconds
Number of updated asset objects reloaded before import = 0Number of asset objects unloaded after import = 9

========================================================================
Received Import Request.
  Time since last request: 0.000025 seconds.
  path: Assets/HYPEPOLY - Isometric Tiles Standart Lite/Prefabs/Material 3/Bush 2.prefab
  artifactKey: Guid(7a9bd07133b6c6c4c9f2aa2e3dce284f) Importer(2089858483,3d70f49cd1c2eb9ae422958d1c652c6b)
Start importing Assets/HYPEPOLY - Isometric Tiles Standart Lite/Prefabs/Material 3/Bush 2.prefab using Guid(7a9bd07133b6c6c4c9f2aa2e3dce284f) Importer(2089858483,3d70f49cd1c2eb9ae422958d1c652c6b) (ScriptedImporter) -> (artifact id: 'b31298005125ee65b4d35d92bdf56c4f') in 0.0293613 seconds
Number of updated asset objects reloaded before import = 0Number of asset objects unloaded after import = 9

========================================================================
Received Import Request.
  Time since last request: 0.000026 seconds.
  path: Assets/HYPEPOLY - Isometric Tiles Standart Lite/Prefabs/Material 0/Ground Tile.prefab
  artifactKey: Guid(900e6f9432fab1f4e86d7e9e63e57f0c) Importer(2089858483,192608db42251d675da83286b1cce702)
Start importing Assets/HYPEPOLY - Isometric Tiles Standart Lite/Prefabs/Material 0/Ground Tile.prefab using Guid(900e6f9432fab1f4e86d7e9e63e57f0c) Importer(2089858483,192608db42251d675da83286b1cce702) (ScriptedImporter) -> (artifact id: '799d79743dc51ad14b4e05413d9d2065') in 0.0354739 seconds
Number of updated asset objects reloaded before import = 0Number of asset objects unloaded after import = 9

========================================================================
Received Import Request.
  Time since last request: 0.000059 seconds.
  path: Assets/HYPEPOLY - Isometric Tiles Standart Lite/Prefabs/Material 3/Branch 1.prefab
  artifactKey: Guid(495a56af0699279498c48f4191d9f93c) Importer(2089858483,192608db42251d675da83286b1cce702)
Start importing Assets/HYPEPOLY - Isometric Tiles Standart Lite/Prefabs/Material 3/Branch 1.prefab using Guid(495a56af0699279498c48f4191d9f93c) Importer(2089858483,192608db42251d675da83286b1cce702) (ScriptedImporter) -> (artifact id: 'f199e696256c067e8f42bffe2fd70906') in 0.0300938 seconds
Number of updated asset objects reloaded before import = 0Number of asset objects unloaded after import = 9

========================================================================
Received Import Request.
  Time since last request: 0.000022 seconds.
  path: Assets/HYPEPOLY - Isometric Tiles Standart Lite/Demo/Demo/ReflectionProbe-0.exr
  artifactKey: Guid(05ed5ef3b3e1906418cd4732c09267eb) Importer(2089858483,192608db42251d675da83286b1cce702)
Start importing Assets/HYPEPOLY - Isometric Tiles Standart Lite/Demo/Demo/ReflectionProbe-0.exr using Guid(05ed5ef3b3e1906418cd4732c09267eb) Importer(2089858483,192608db42251d675da83286b1cce702) (ScriptedImporter) -> (artifact id: '0f351e487011eb2d5da84c30ea7b1565') in 0.1037527 seconds
Number of updated asset objects reloaded before import = 0Number of asset objects unloaded after import = 1

========================================================================
Received Import Request.
  Time since last request: 0.000034 seconds.
  path: Assets/HYPEPOLY - Isometric Tiles Standart Lite/Prefabs/Material 0/Tree 2.prefab
  artifactKey: Guid(b84103262dbd8cd48a0d67046bee6366) Importer(2089858483,3d70f49cd1c2eb9ae422958d1c652c6b)
Start importing Assets/HYPEPOLY - Isometric Tiles Standart Lite/Prefabs/Material 0/Tree 2.prefab using Guid(b84103262dbd8cd48a0d67046bee6366) Importer(2089858483,3d70f49cd1c2eb9ae422958d1c652c6b) (ScriptedImporter) -> (artifact id: 'b5f836176dc72bfaac7c850c775cf0a5') in 0.0258376 seconds
Number of updated asset objects reloaded before import = 0Number of asset objects unloaded after import = 9

========================================================================
Received Import Request.
  Time since last request: 0.000039 seconds.
  path: Assets/HYPEPOLY - Isometric Tiles Standart Lite/Prefabs/Material 2/Tile Top 1.prefab
  artifactKey: Guid(f2f70d2079ba0cd47a0cb6c83c79671d) Importer(2089858483,192608db42251d675da83286b1cce702)
Start importing Assets/HYPEPOLY - Isometric Tiles Standart Lite/Prefabs/Material 2/Tile Top 1.prefab using Guid(f2f70d2079ba0cd47a0cb6c83c79671d) Importer(2089858483,192608db42251d675da83286b1cce702) (ScriptedImporter) -> (artifact id: 'b27a32affec61cff597905727b569bfe') in 0.029494 seconds
Number of updated asset objects reloaded before import = 0Number of asset objects unloaded after import = 9

========================================================================
Received Import Request.
  Time since last request: 0.000027 seconds.
  path: Assets/HYPEPOLY - Isometric Tiles Standart Lite/Prefabs/Material 3/LittleStone 2.prefab
  artifactKey: Guid(9b4fd213ef631d64aa6585f7e9a8fcdf) Importer(2089858483,192608db42251d675da83286b1cce702)
Start importing Assets/HYPEPOLY - Isometric Tiles Standart Lite/Prefabs/Material 3/LittleStone 2.prefab using Guid(9b4fd213ef631d64aa6585f7e9a8fcdf) Importer(2089858483,192608db42251d675da83286b1cce702) (ScriptedImporter) -> (artifact id: 'b0252665125228c727d95e8617eb37f3') in 0.0618391 seconds
Number of updated asset objects reloaded before import = 0Number of asset objects unloaded after import = 9

========================================================================
Received Import Request.
  Time since last request: 0.001096 seconds.
  path: Assets/HYPEPOLY - Isometric Tiles Standart Lite/Prefabs/Material 1/Bush 2.prefab
  artifactKey: Guid(0b75adaa575133e43b432bdba63aa813) Importer(2089858483,192608db42251d675da83286b1cce702)
Start importing Assets/HYPEPOLY - Isometric Tiles Standart Lite/Prefabs/Material 1/Bush 2.prefab using Guid(0b75adaa575133e43b432bdba63aa813) Importer(2089858483,192608db42251d675da83286b1cce702) (ScriptedImporter) -> (artifact id: '618bda1746cd0d23eb7d9deb125332d7') in 0.0376583 seconds
Number of updated asset objects reloaded before import = 0Number of asset objects unloaded after import = 9

========================================================================
Received Import Request.
  Time since last request: 0.000038 seconds.
  path: Assets/HYPEPOLY - Isometric Tiles Standart Lite/Prefabs/Material 2/Coin.prefab
  artifactKey: Guid(24008ca901bc15e4e9aba3e3e15680dc) Importer(2089858483,3d70f49cd1c2eb9ae422958d1c652c6b)
Start importing Assets/HYPEPOLY - Isometric Tiles Standart Lite/Prefabs/Material 2/Coin.prefab using Guid(24008ca901bc15e4e9aba3e3e15680dc) Importer(2089858483,3d70f49cd1c2eb9ae422958d1c652c6b) (ScriptedImporter) -> (artifact id: '5f2d923139930db4f0233bdf9289f7d0') in 0.0336711 seconds
Number of updated asset objects reloaded before import = 0Number of asset objects unloaded after import = 9

========================================================================
Received Import Request.
  Time since last request: 0.000040 seconds.
  path: Assets/HYPEPOLY - Isometric Tiles Standart Lite/Prefabs/Material 1/Tile Bot 2.prefab
  artifactKey: Guid(913953e878c063b4a9ad2ff0d36ad279) Importer(2089858483,3d70f49cd1c2eb9ae422958d1c652c6b)
Start importing Assets/HYPEPOLY - Isometric Tiles Standart Lite/Prefabs/Material 1/Tile Bot 2.prefab using Guid(913953e878c063b4a9ad2ff0d36ad279) Importer(2089858483,3d70f49cd1c2eb9ae422958d1c652c6b) (ScriptedImporter) -> (artifact id: '95a1f97e68b24a805179428f1358c60d') in 0.0524582 seconds
Number of updated asset objects reloaded before import = 0Number of asset objects unloaded after import = 9

========================================================================
Received Import Request.
  Time since last request: 0.000029 seconds.
  path: Assets/HYPEPOLY - Isometric Tiles Standart Lite/Prefabs/Material 0/Tile Top 1.prefab
  artifactKey: Guid(845ad39e51a0a464a864825f760d85e0) Importer(2089858483,3d70f49cd1c2eb9ae422958d1c652c6b)
Start importing Assets/HYPEPOLY - Isometric Tiles Standart Lite/Prefabs/Material 0/Tile Top 1.prefab using Guid(845ad39e51a0a464a864825f760d85e0) Importer(2089858483,3d70f49cd1c2eb9ae422958d1c652c6b) (ScriptedImporter) -> (artifact id: 'ac224298ab220f53ded7d4a4f38ebdfa') in 0.0354755 seconds
Number of updated asset objects reloaded before import = 0Number of asset objects unloaded after import = 9

========================================================================
Received Import Request.
  Time since last request: 0.000042 seconds.
  path: Assets/HYPEPOLY - Isometric Tiles Standart Lite/Prefabs/Material 1/Nameplate.prefab
  artifactKey: Guid(5f226faa30648a445a5e57937c3c8b21) Importer(2089858483,192608db42251d675da83286b1cce702)
Start importing Assets/HYPEPOLY - Isometric Tiles Standart Lite/Prefabs/Material 1/Nameplate.prefab using Guid(5f226faa30648a445a5e57937c3c8b21) Importer(2089858483,192608db42251d675da83286b1cce702) (ScriptedImporter) -> (artifact id: '90c35da434187317491e09ad913f1132') in 0.0446369 seconds
Number of updated asset objects reloaded before import = 0Number of asset objects unloaded after import = 9

========================================================================
Received Import Request.
  Time since last request: 0.000029 seconds.
  path: Assets/Settings/Mobile_Renderer.asset
  artifactKey: Guid(65bc7dbf4170f435aa868c779acfb082) Importer(2089858483,192608db42251d675da83286b1cce702)
Start importing Assets/Settings/Mobile_Renderer.asset using Guid(65bc7dbf4170f435aa868c779acfb082) Importer(2089858483,192608db42251d675da83286b1cce702) (ScriptedImporter) -> (artifact id: 'bf6f99ae15754bf3786a5bc983dcbbdc') in 0.0858583 seconds
Number of updated asset objects reloaded before import = 0Number of asset objects unloaded after import = 1

========================================================================
Received Import Request.
  Time since last request: 0.000190 seconds.
  path: Assets/HYPEPOLY - Isometric Tiles Standart Lite/Prefabs/Material 1/BigStone 2.prefab
  artifactKey: Guid(7d3b438f2cc47e944a9e5203e355d3ef) Importer(2089858483,3d70f49cd1c2eb9ae422958d1c652c6b)
Start importing Assets/HYPEPOLY - Isometric Tiles Standart Lite/Prefabs/Material 1/BigStone 2.prefab using Guid(7d3b438f2cc47e944a9e5203e355d3ef) Importer(2089858483,3d70f49cd1c2eb9ae422958d1c652c6b) (ScriptedImporter) -> (artifact id: '5eae8c4ad7fab42b1e6eb92b25c22444') in 0.0227149 seconds
Number of updated asset objects reloaded before import = 0Number of asset objects unloaded after import = 9

========================================================================
Received Import Request.
  Time since last request: 0.000027 seconds.
  path: Assets/HYPEPOLY - Isometric Tiles Standart Lite/Prefabs/Material 1/Ground Tile.prefab
  artifactKey: Guid(086e3f98528fb64498d7f7d540d2ce05) Importer(2089858483,192608db42251d675da83286b1cce702)
Start importing Assets/HYPEPOLY - Isometric Tiles Standart Lite/Prefabs/Material 1/Ground Tile.prefab using Guid(086e3f98528fb64498d7f7d540d2ce05) Importer(2089858483,192608db42251d675da83286b1cce702) (ScriptedImporter) -> (artifact id: '48ea899289517b8bcc2a98af5423f347') in 0.0578193 seconds
Number of updated asset objects reloaded before import = 0Number of asset objects unloaded after import = 9

========================================================================
Received Import Request.
  Time since last request: 0.000038 seconds.
  path: Assets/HYPEPOLY - Isometric Tiles Standart Lite/Prefabs/Material 1/Tile Top 1.prefab
  artifactKey: Guid(3d3e1647da524af438765070d6d4fc6c) Importer(2089858483,192608db42251d675da83286b1cce702)
Start importing Assets/HYPEPOLY - Isometric Tiles Standart Lite/Prefabs/Material 1/Tile Top 1.prefab using Guid(3d3e1647da524af438765070d6d4fc6c) Importer(2089858483,192608db42251d675da83286b1cce702) (ScriptedImporter) -> (artifact id: 'd75f474318a7fd2dbcd65a5d51953f96') in 0.2025449 seconds
Number of updated asset objects reloaded before import = 0Number of asset objects unloaded after import = 9

Editor requested this worker to shutdown with reason: balancing worker count downwards
AssetImportWorker is now disconnected from the server
Process exiting
Exiting without the bug reporter. Application will terminate with return code 0